TN:
SF:src/App.jsx
FN:11,(anonymous_0)
FN:14,(anonymous_1)
FN:17,(anonymous_2)
FN:20,(anonymous_3)
FN:23,(anonymous_4)
FN:26,(anonymous_5)
FN:27,(anonymous_6)
FN:28,(anonymous_7)
FN:30,App
FNF:9
FNH:0
FNDA:0,(anonymous_0)
FNDA:0,(anonymous_1)
FNDA:0,(anonymous_2)
FNDA:0,(anonymous_3)
FNDA:0,(anonymous_4)
FNDA:0,(anonymous_5)
FNDA:0,(anonymous_6)
FNDA:0,(anonymous_7)
FNDA:0,App
DA:11,1
DA:12,0
DA:14,1
DA:15,0
DA:17,1
DA:18,0
DA:20,1
DA:21,0
DA:23,1
DA:24,0
DA:26,1
DA:27,1
DA:28,1
DA:31,0
LF:14
LH:8
BRF:0
BRH:0
end_of_record
TN:
SF:src/main.jsx
FN:22,reportWebVitals
FN:42,(anonymous_1)
FN:50,(anonymous_2)
FN:53,(anonymous_3)
FN:77,(anonymous_4)
FN:86,updateOnlineStatus
FNF:6
FNH:0
FNDA:0,reportWebVitals
FNDA:0,(anonymous_1)
FNDA:0,(anonymous_2)
FNDA:0,(anonymous_3)
FNDA:0,(anonymous_4)
FNDA:0,updateOnlineStatus
DA:13,0
DA:23,0
DA:34,0
DA:35,0
DA:36,0
DA:37,0
DA:38,0
DA:41,0
DA:42,0
DA:43,0
DA:44,0
DA:47,0
DA:50,0
DA:51,0
DA:53,0
DA:54,0
DA:59,0
DA:63,0
DA:64,0
DA:65,0
DA:71,0
DA:76,0
DA:77,0
DA:78,0
DA:79,0
DA:80,0
DA:87,0
DA:90,0
DA:91,0
DA:92,0
DA:94,0
LF:31
LH:0
BRDA:41,0,0,0
BRDA:41,0,1,0
BRDA:54,1,0,0
BRDA:54,1,1,0
BRDA:55,2,0,0
BRDA:55,2,1,0
BRDA:63,3,0,0
BRDA:63,3,1,0
BRDA:78,4,0,0
BRDA:78,4,1,0
BRF:10
BRH:0
end_of_record
TN:
SF:src/serviceWorkerRegistration.js
FN:3,register
FN:5,(anonymous_1)
FN:13,registerValidSW
FN:16,(anonymous_3)
FN:19,(anonymous_4)
FN:25,(anonymous_5)
FN:48,(anonymous_6)
FN:54,unregister
FN:57,(anonymous_8)
FN:61,(anonymous_9)
FNF:10
FNH:0
FNDA:0,register
FNDA:0,(anonymous_1)
FNDA:0,registerValidSW
FNDA:0,(anonymous_3)
FNDA:0,(anonymous_4)
FNDA:0,(anonymous_5)
FNDA:0,(anonymous_6)
FNDA:0,unregister
FNDA:0,(anonymous_8)
FNDA:0,(anonymous_9)
DA:4,0
DA:5,0
DA:6,0
DA:8,0
DA:14,0
DA:17,0
DA:19,0
DA:20,0
DA:21,0
DA:22,0
DA:25,0
DA:26,0
DA:27,0
DA:29,0
DA:32,0
DA:37,0
DA:41,0
DA:42,0
DA:49,0
DA:50,0
DA:55,0
DA:56,0
DA:58,0
DA:59,0
DA:62,0
DA:63,0
LF:26
LH:0
BRDA:4,0,0,0
BRDA:4,0,1,0
BRDA:21,1,0,0
BRDA:21,1,1,0
BRDA:26,2,0,0
BRDA:26,2,1,0
BRDA:27,3,0,0
BRDA:27,3,1,0
BRDA:32,4,0,0
BRDA:32,4,1,0
BRDA:55,5,0,0
BRDA:55,5,1,0
BRF:12
BRH:0
end_of_record
TN:
SF:src/components/ConnectionTest.jsx
FN:4,(anonymous_0)
FN:8,(anonymous_1)
FN:9,(anonymous_2)
FNF:3
FNH:0
FNDA:0,(anonymous_0)
FNDA:0,(anonymous_1)
FNDA:0,(anonymous_2)
DA:4,0
DA:5,0
DA:6,0
DA:8,0
DA:9,0
DA:10,0
DA:11,0
DA:12,0
DA:13,0
DA:15,0
DA:18,0
DA:19,0
DA:23,0
DA:26,0
LF:14
LH:0
BRDA:12,0,0,0
BRDA:12,0,1,0
BRDA:18,1,0,0
BRDA:18,1,1,0
BRDA:32,2,0,0
BRDA:32,2,1,0
BRDA:33,3,0,0
BRDA:33,3,1,0
BRDA:38,4,0,0
BRDA:38,4,1,0
BRF:10
BRH:0
end_of_record
TN:
SF:src/components/EmptyState.js
FN:4,(anonymous_0)
FNF:1
FNH:0
FNDA:0,(anonymous_0)
DA:4,0
DA:5,0
LF:2
LH:0
BRDA:14,0,0,0
BRDA:14,0,1,0
BRF:2
BRH:0
end_of_record
TN:
SF:src/components/Navigation.jsx
FN:8,(anonymous_0)
FN:11,(anonymous_1)
FN:13,(anonymous_2)
FNF:3
FNH:0
FNDA:0,(anonymous_0)
FNDA:0,(anonymous_1)
FNDA:0,(anonymous_2)
DA:8,0
DA:9,0
DA:10,0
DA:11,0
DA:13,0
DA:14,0
DA:15,0
DA:16,0
DA:19,0
DA:21,0
LF:10
LH:0
BRDA:19,0,0,0
BRDA:19,0,1,0
BRDA:42,1,0,0
BRDA:42,1,1,0
BRF:4
BRH:0
end_of_record
TN:
SF:src/components/Analytics/Dashboard.jsx
FN:25,(anonymous_0)
FN:31,(anonymous_1)
FN:35,(anonymous_2)
FN:38,(anonymous_3)
FN:54,(anonymous_4)
FN:61,(anonymous_5)
FN:65,(anonymous_6)
FN:66,(anonymous_7)
FN:92,(anonymous_8)
FN:94,(anonymous_9)
FN:152,(anonymous_10)
FN:156,(anonymous_11)
FNF:12
FNH:0
FNDA:0,(anonymous_0)
FNDA:0,(anonymous_1)
FNDA:0,(anonymous_2)
FNDA:0,(anonymous_3)
FNDA:0,(anonymous_4)
FNDA:0,(anonymous_5)
FNDA:0,(anonymous_6)
FNDA:0,(anonymous_7)
FNDA:0,(anonymous_8)
FNDA:0,(anonymous_9)
FNDA:0,(anonymous_10)
FNDA:0,(anonymous_11)
DA:15,0
DA:25,0
DA:26,0
DA:27,0
DA:28,0
DA:29,0
DA:31,0
DA:32,0
DA:34,0
DA:35,0
DA:38,0
DA:39,0
DA:40,0
DA:41,0
DA:42,0
DA:43,0
DA:44,0
DA:45,0
DA:48,0
DA:50,0
DA:54,0
DA:55,0
DA:57,0
DA:58,0
DA:60,0
DA:61,0
DA:66,0
DA:75,0
DA:76,0
DA:77,0
DA:78,0
DA:79,0
DA:81,0
DA:83,0
DA:92,0
DA:95,0
DA:153,0
DA:157,0
LF:38
LH:0
BRDA:41,0,0,0
BRDA:41,0,1,0
BRDA:44,1,0,0
BRDA:44,1,1,0
BRDA:44,2,0,0
BRDA:44,2,1,0
BRDA:55,3,0,0
BRDA:55,3,1,0
BRDA:55,4,0,0
BRDA:55,4,1,0
BRDA:75,5,0,0
BRDA:75,5,1,0
BRDA:77,6,0,0
BRDA:77,6,1,0
BRDA:78,7,0,0
BRDA:78,7,1,0
BRDA:91,8,0,0
BRDA:91,8,1,0
BRDA:102,9,0,0
BRDA:102,9,1,0
BRDA:102,9,2,0
BRDA:129,10,0,0
BRDA:129,10,1,0
BRF:23
BRH:0
end_of_record
TN:
SF:src/components/Audio/AudioController.js
FN:7,(anonymous_0)
FN:9,(anonymous_1)
FN:14,(anonymous_2)
FN:22,(anonymous_3)
FN:32,(anonymous_4)
FN:38,(anonymous_5)
FN:42,(anonymous_6)
FN:96,(anonymous_7)
FN:101,(anonymous_8)
FN:116,(anonymous_9)
FN:132,(anonymous_10)
FNF:11
FNH:0
FNDA:0,(anonymous_0)
FNDA:0,(anonymous_1)
FNDA:0,(anonymous_2)
FNDA:0,(anonymous_3)
FNDA:0,(anonymous_4)
FNDA:0,(anonymous_5)
FNDA:0,(anonymous_6)
FNDA:0,(anonymous_7)
FNDA:0,(anonymous_8)
FNDA:0,(anonymous_9)
FNDA:0,(anonymous_10)
DA:7,0
DA:8,0
DA:9,0
DA:10,0
DA:11,0
DA:12,0
DA:14,0
DA:16,0
DA:17,0
DA:20,0
DA:22,0
DA:23,0
DA:24,0
DA:26,0
DA:27,0
DA:32,0
DA:33,0
DA:34,0
DA:38,0
DA:39,0
DA:42,0
DA:43,0
DA:46,0
DA:52,0
DA:58,0
DA:64,0
DA:70,0
DA:76,0
DA:92,0
DA:93,0
DA:96,0
DA:97,0
DA:100,0
DA:102,0
DA:108,0
DA:109,0
DA:113,0
DA:116,0
DA:117,0
DA:118,0
DA:119,0
DA:120,0
DA:121,0
DA:124,0
DA:125,0
DA:126,0
DA:129,0
DA:132,0
DA:133,0
DA:136,0
LF:50
LH:0
BRDA:23,0,0,0
BRDA:23,0,1,0
BRDA:26,1,0,0
BRDA:26,1,1,0
BRDA:33,2,0,0
BRDA:33,2,1,0
BRDA:39,3,0,0
BRDA:39,3,1,0
BRDA:43,4,0,0
BRDA:43,4,1,0
BRDA:92,5,0,0
BRDA:92,5,1,0
BRDA:108,6,0,0
BRDA:108,6,1,0
BRDA:117,7,0,0
BRDA:117,7,1,0
BRDA:120,8,0,0
BRDA:120,8,1,0
BRDA:125,9,0,0
BRDA:125,9,1,0
BRDA:140,10,0,0
BRDA:140,10,1,0
BRDA:143,11,0,0
BRDA:143,11,1,0
BRF:24
BRH:0
end_of_record
TN:
SF:src/components/Audio/AudioEngine.js
FN:4,(anonymous_0)
FN:23,(anonymous_1)
FN:29,(anonymous_2)
FN:35,(anonymous_3)
FN:41,(anonymous_4)
FN:47,(anonymous_5)
FN:53,(anonymous_6)
FN:58,(anonymous_7)
FN:81,(anonymous_8)
FN:88,(anonymous_9)
FN:103,(anonymous_10)
FN:115,(anonymous_11)
FNF:12
FNH:1
FNDA:4,(anonymous_0)
FNDA:0,(anonymous_1)
FNDA:0,(anonymous_2)
FNDA:0,(anonymous_3)
FNDA:0,(anonymous_4)
FNDA:0,(anonymous_5)
FNDA:0,(anonymous_6)
FNDA:0,(anonymous_7)
FNDA:0,(anonymous_8)
FNDA:0,(anonymous_9)
FNDA:0,(anonymous_10)
FNDA:0,(anonymous_11)
DA:6,4
DA:7,0
DA:8,0
DA:9,0
DA:12,0
DA:13,0
DA:14,0
DA:15,0
DA:18,0
DA:23,0
DA:29,0
DA:35,0
DA:41,0
DA:47,0
DA:54,0
DA:60,0
DA:63,0
DA:71,0
DA:74,0
DA:77,0
DA:82,0
DA:84,0
DA:85,0
DA:87,0
DA:90,0
DA:91,0
DA:92,0
DA:98,0
DA:99,0
DA:104,0
DA:106,0
DA:107,0
DA:108,0
DA:110,0
DA:111,0
DA:116,0
DA:117,0
DA:118,0
DA:119,0
DA:120,0
LF:40
LH:1
BRDA:82,0,0,0
BRDA:82,0,1,0
BRDA:104,1,0,0
BRDA:104,1,1,0
BRDA:106,2,0,0
BRDA:106,2,1,0
BRF:6
BRH:0
end_of_record
TN:
SF:src/components/Audio/AudioExport.js
FN:5,(anonymous_0)
FN:10,(anonymous_1)
FN:35,(anonymous_2)
FN:51,(anonymous_3)
FNF:4
FNH:0
FNDA:0,(anonymous_0)
FNDA:0,(anonymous_1)
FNDA:0,(anonymous_2)
FNDA:0,(anonymous_3)
DA:5,0
DA:6,0
DA:7,0
DA:8,0
DA:10,0
DA:11,0
DA:13,0
DA:14,0
DA:15,0
DA:20,0
DA:22,0
DA:26,0
DA:35,0
DA:52,0
DA:74,0
LF:15
LH:0
BRDA:11,0,0,0
BRDA:11,0,1,0
BRDA:11,1,0,0
BRDA:11,1,1,0
BRDA:36,2,0,0
BRDA:36,2,1,0
BRDA:54,3,0,0
BRDA:54,3,1,0
BRDA:60,4,0,0
BRDA:60,4,1,0
BRDA:63,5,0,0
BRDA:63,5,1,0
BRF:12
BRH:0
end_of_record
TN:
SF:src/components/Audio/AudioRecorder.js
FN:7,(anonymous_0)
FN:16,(anonymous_1)
FN:18,(anonymous_2)
FN:20,(anonymous_3)
FN:27,(anonymous_4)
FN:31,(anonymous_5)
FN:45,(anonymous_6)
FN:47,(anonymous_7)
FN:55,(anonymous_8)
FN:57,(anonymous_9)
FN:58,(anonymous_10)
FN:64,(anonymous_11)
FN:67,(anonymous_12)
FN:83,(anonymous_13)
FN:95,(anonymous_14)
FN:128,(anonymous_15)
FN:129,(anonymous_16)
FN:144,(anonymous_17)
FN:162,(anonymous_18)
FN:175,(anonymous_19)
FN:202,(anonymous_20)
FN:203,(anonymous_21)
FN:204,(anonymous_22)
FNF:23
FNH:0
FNDA:0,(anonymous_0)
FNDA:0,(anonymous_1)
FNDA:0,(anonymous_2)
FNDA:0,(anonymous_3)
FNDA:0,(anonymous_4)
FNDA:0,(anonymous_5)
FNDA:0,(anonymous_6)
FNDA:0,(anonymous_7)
FNDA:0,(anonymous_8)
FNDA:0,(anonymous_9)
FNDA:0,(anonymous_10)
FNDA:0,(anonymous_11)
FNDA:0,(anonymous_12)
FNDA:0,(anonymous_13)
FNDA:0,(anonymous_14)
FNDA:0,(anonymous_15)
FNDA:0,(anonymous_16)
FNDA:0,(anonymous_17)
FNDA:0,(anonymous_18)
FNDA:0,(anonymous_19)
FNDA:0,(anonymous_20)
FNDA:0,(anonymous_21)
FNDA:0,(anonymous_22)
DA:7,0
DA:8,0
DA:9,0
DA:10,0
DA:11,0
DA:12,0
DA:13,0
DA:14,0
DA:15,0
DA:16,0
DA:18,0
DA:20,0
DA:21,0
DA:22,0
DA:25,0
DA:27,0
DA:28,0
DA:31,0
DA:32,0
DA:33,0
DA:34,0
DA:35,0
DA:38,0
DA:39,0
DA:43,0
DA:45,0
DA:46,0
DA:47,0
DA:49,0
DA:50,0
DA:55,0
DA:56,0
DA:57,0
DA:58,0
DA:61,0
DA:64,0
DA:67,0
DA:68,0
DA:69,0
DA:70,0
DA:73,0
DA:74,0
DA:75,0
DA:76,0
DA:78,0
DA:79,0
DA:83,0
DA:84,0
DA:85,0
DA:86,0
DA:87,0
DA:90,0
DA:91,0
DA:95,0
DA:96,0
DA:97,0
DA:98,0
DA:99,0
DA:102,0
DA:103,0
DA:104,0
DA:105,0
DA:108,0
DA:114,0
DA:115,0
DA:116,0
DA:117,0
DA:119,0
DA:122,0
DA:123,0
DA:127,0
DA:128,0
DA:129,0
DA:130,0
DA:131,0
DA:132,0
DA:133,0
DA:134,0
DA:135,0
DA:136,0
DA:139,0
DA:140,0
DA:141,0
DA:142,0
DA:143,0
DA:144,0
DA:147,0
DA:148,0
DA:149,0
DA:150,0
DA:151,0
DA:152,0
DA:155,0
DA:156,0
DA:158,0
DA:162,0
DA:163,0
DA:164,0
DA:165,0
DA:168,0
DA:169,0
DA:172,0
DA:175,0
DA:202,0
DA:203,0
DA:204,0
LF:106
LH:0
BRDA:46,0,0,0
BRDA:46,0,1,0
BRDA:49,1,0,0
BRDA:49,1,1,0
BRDA:56,2,0,0
BRDA:56,2,1,0
BRDA:69,3,0,0
BRDA:69,3,1,0
BRDA:85,4,0,0
BRDA:85,4,1,0
BRDA:85,5,0,0
BRDA:85,5,1,0
BRDA:102,6,0,0
BRDA:102,6,1,0
BRDA:168,7,0,0
BRDA:168,7,1,0
BRDA:174,8,0,0
BRDA:174,8,1,0
BRDA:179,9,0,0
BRDA:179,9,1,0
BRDA:194,10,0,0
BRDA:194,10,1,0
BRDA:198,11,0,0
BRDA:198,11,1,0
BRF:24
BRH:0
end_of_record
TN:
SF:src/components/Audio/AudioVisualizer.js
FN:6,(anonymous_0)
FN:10,(anonymous_1)
FN:12,(anonymous_2)
FN:22,(anonymous_3)
FN:32,(anonymous_4)
FN:37,(anonymous_5)
FN:89,(anonymous_6)
FN:97,(anonymous_7)
FNF:8
FNH:0
FNDA:0,(anonymous_0)
FNDA:0,(anonymous_1)
FNDA:0,(anonymous_2)
FNDA:0,(anonymous_3)
FNDA:0,(anonymous_4)
FNDA:0,(anonymous_5)
FNDA:0,(anonymous_6)
FNDA:0,(anonymous_7)
DA:6,0
DA:7,0
DA:8,0
DA:9,0
DA:10,0
DA:12,0
DA:14,0
DA:20,0
DA:22,0
DA:23,0
DA:24,0
DA:26,0
DA:27,0
DA:32,0
DA:33,0
DA:34,0
DA:35,0
DA:37,0
DA:39,0
DA:40,0
DA:41,0
DA:44,0
DA:47,0
DA:48,0
DA:51,0
DA:52,0
DA:53,0
DA:55,0
DA:56,0
DA:58,0
DA:59,0
DA:60,0
DA:62,0
DA:63,0
DA:65,0
DA:68,0
DA:71,0
DA:72,0
DA:75,0
DA:76,0
DA:80,0
DA:81,0
DA:82,0
DA:83,0
DA:85,0
DA:89,0
DA:90,0
DA:91,0
DA:95,0
DA:97,0
DA:98,0
DA:99,0
DA:100,0
DA:105,0
LF:54
LH:0
BRDA:23,0,0,0
BRDA:23,0,1,0
BRDA:26,1,0,0
BRDA:26,1,1,0
BRDA:62,2,0,0
BRDA:62,2,1,0
BRDA:75,3,0,0
BRDA:75,3,1,0
BRDA:80,4,0,0
BRDA:80,4,1,0
BRDA:82,5,0,0
BRDA:82,5,1,0
BRDA:90,6,0,0
BRDA:90,6,1,0
BRDA:99,7,0,0
BRDA:99,7,1,0
BRF:16
BRH:0
end_of_record
TN:
SF:src/components/Audio/AudioWorkspace.jsx
FN:7,(anonymous_0)
FN:9,(anonymous_1)
FN:10,(anonymous_2)
FN:11,(anonymous_3)
FN:13,(anonymous_4)
FN:18,(anonymous_5)
FN:22,(anonymous_6)
FNF:7
FNH:0
FNDA:0,(anonymous_0)
FNDA:0,(anonymous_1)
FNDA:0,(anonymous_2)
FNDA:0,(anonymous_3)
FNDA:0,(anonymous_4)
FNDA:0,(anonymous_5)
FNDA:0,(anonymous_6)
DA:7,0
DA:8,0
DA:9,0
DA:10,0
DA:11,0
DA:13,0
DA:15,0
DA:18,0
DA:19,0
DA:22,0
DA:23,0
DA:27,0
LF:12
LH:0
BRDA:29,0,0,0
BRDA:29,0,1,0
BRF:2
BRH:0
end_of_record
TN:
SF:src/components/Audio/FrequencyAnalyzer.js
FN:6,(anonymous_0)
FN:10,(anonymous_1)
FN:12,(anonymous_2)
FN:23,(anonymous_3)
FN:33,(anonymous_4)
FN:38,(anonymous_5)
FN:88,(anonymous_6)
FN:96,(anonymous_7)
FNF:8
FNH:0
FNDA:0,(anonymous_0)
FNDA:0,(anonymous_1)
FNDA:0,(anonymous_2)
FNDA:0,(anonymous_3)
FNDA:0,(anonymous_4)
FNDA:0,(anonymous_5)
FNDA:0,(anonymous_6)
FNDA:0,(anonymous_7)
DA:6,0
DA:7,0
DA:8,0
DA:9,0
DA:10,0
DA:12,0
DA:14,0
DA:21,0
DA:23,0
DA:24,0
DA:25,0
DA:27,0
DA:28,0
DA:33,0
DA:34,0
DA:35,0
DA:36,0
DA:38,0
DA:40,0
DA:41,0
DA:42,0
DA:45,0
DA:48,0
DA:49,0
DA:52,0
DA:53,0
DA:55,0
DA:57,0
DA:58,0
DA:59,0
DA:60,0
DA:61,0
DA:63,0
DA:66,0
DA:67,0
DA:68,0
DA:69,0
DA:70,0
DA:74,0
DA:75,0
DA:79,0
DA:80,0
DA:81,0
DA:82,0
DA:84,0
DA:88,0
DA:89,0
DA:90,0
DA:94,0
DA:96,0
DA:97,0
DA:98,0
DA:99,0
DA:104,0
LF:54
LH:0
BRDA:24,0,0,0
BRDA:24,0,1,0
BRDA:27,1,0,0
BRDA:27,1,1,0
BRDA:74,2,0,0
BRDA:74,2,1,0
BRDA:79,3,0,0
BRDA:79,3,1,0
BRDA:81,4,0,0
BRDA:81,4,1,0
BRDA:89,5,0,0
BRDA:89,5,1,0
BRDA:98,6,0,0
BRDA:98,6,1,0
BRF:14
BRH:0
end_of_record
TN:
SF:src/components/Audio/HarmonicsEditor.js
FN:5,(anonymous_0)
FN:10,(anonymous_1)
FN:46,(anonymous_2)
FN:61,(anonymous_3)
FN:65,(anonymous_4)
FN:72,(anonymous_5)
FN:87,(anonymous_6)
FN:95,(anonymous_7)
FN:100,(anonymous_8)
FN:105,(anonymous_9)
FN:130,(anonymous_10)
FN:137,(anonymous_11)
FN:156,(anonymous_12)
FNF:13
FNH:0
FNDA:0,(anonymous_0)
FNDA:0,(anonymous_1)
FNDA:0,(anonymous_2)
FNDA:0,(anonymous_3)
FNDA:0,(anonymous_4)
FNDA:0,(anonymous_5)
FNDA:0,(anonymous_6)
FNDA:0,(anonymous_7)
FNDA:0,(anonymous_8)
FNDA:0,(anonymous_9)
FNDA:0,(anonymous_10)
FNDA:0,(anonymous_11)
FNDA:0,(anonymous_12)
DA:5,0
DA:6,0
DA:7,0
DA:8,0
DA:10,0
DA:11,0
DA:12,0
DA:14,0
DA:15,0
DA:18,0
DA:21,0
DA:22,0
DA:25,0
DA:26,0
DA:27,0
DA:28,0
DA:29,0
DA:30,0
DA:34,0
DA:35,0
DA:36,0
DA:37,0
DA:38,0
DA:39,0
DA:43,0
DA:44,0
DA:46,0
DA:47,0
DA:48,0
DA:49,0
DA:53,0
DA:54,0
DA:55,0
DA:56,0
DA:57,0
DA:61,0
DA:62,0
DA:65,0
DA:66,0
DA:67,0
DA:68,0
DA:69,0
DA:72,0
DA:73,0
DA:75,0
DA:76,0
DA:77,0
DA:78,0
DA:80,0
DA:81,0
DA:82,0
DA:83,0
DA:87,0
DA:88,0
DA:89,0
DA:90,0
DA:91,0
DA:92,0
DA:95,0
DA:96,0
DA:97,0
DA:100,0
DA:101,0
DA:102,0
DA:105,0
DA:106,0
DA:107,0
DA:108,0
DA:112,0
DA:130,0
DA:138,0
DA:157,0
DA:168,0
LF:73
LH:0
BRDA:12,0,0,0
BRDA:12,0,1,0
BRDA:53,1,0,0
BRDA:53,1,1,0
BRDA:73,2,0,0
BRDA:73,2,1,0
BRDA:80,3,0,0
BRDA:80,3,1,0
BRDA:88,4,0,0
BRDA:88,4,1,0
BRDA:96,5,0,0
BRDA:96,5,1,0
BRDA:96,6,0,0
BRDA:96,6,1,0
BRDA:106,7,0,0
BRDA:106,7,1,0
BRDA:120,8,0,0
BRDA:120,8,1,0
BRF:18
BRH:0
end_of_record
TN:
SF:src/components/Audio/PresetBank.js
FN:37,(anonymous_0)
FN:47,(anonymous_1)
FN:55,(anonymous_2)
FN:70,(anonymous_3)
FN:72,(anonymous_4)
FN:79,(anonymous_5)
FN:82,(anonymous_6)
FN:89,(anonymous_7)
FN:92,(anonymous_8)
FN:99,(anonymous_9)
FN:114,(anonymous_10)
FN:128,(anonymous_11)
FN:138,(anonymous_12)
FNF:13
FNH:0
FNDA:0,(anonymous_0)
FNDA:0,(anonymous_1)
FNDA:0,(anonymous_2)
FNDA:0,(anonymous_3)
FNDA:0,(anonymous_4)
FNDA:0,(anonymous_5)
FNDA:0,(anonymous_6)
FNDA:0,(anonymous_7)
FNDA:0,(anonymous_8)
FNDA:0,(anonymous_9)
FNDA:0,(anonymous_10)
FNDA:0,(anonymous_11)
FNDA:0,(anonymous_12)
DA:5,0
DA:37,0
DA:43,0
DA:44,0
DA:45,0
DA:47,0
DA:48,0
DA:49,0
DA:55,0
DA:56,0
DA:58,0
DA:65,0
DA:66,0
DA:67,0
DA:70,0
DA:71,0
DA:72,0
DA:75,0
DA:80,0
DA:82,0
DA:90,0
DA:92,0
DA:99,0
DA:114,0
DA:128,0
DA:138,0
DA:149,0
LF:27
LH:0
BRDA:48,0,0,0
BRDA:48,0,1,0
BRDA:56,1,0,0
BRDA:56,1,1,0
BRDA:56,2,0,0
BRDA:56,2,1,0
BRDA:71,3,0,0
BRDA:71,3,1,0
BRDA:109,4,0,0
BRDA:109,4,1,0
BRDA:123,5,0,0
BRDA:123,5,1,0
BRF:12
BRH:0
end_of_record
TN:
SF:src/components/Audio/WaveformSelector.js
FN:13,(anonymous_0)
FN:18,(anonymous_1)
FN:24,(anonymous_2)
FN:38,(anonymous_3)
FNF:4
FNH:0
FNDA:0,(anonymous_0)
FNDA:0,(anonymous_1)
FNDA:0,(anonymous_2)
FNDA:0,(anonymous_3)
DA:5,0
DA:13,0
DA:14,0
DA:19,0
DA:24,0
DA:37,0
DA:38,0
LF:7
LH:0
BRDA:22,0,0,0
BRDA:22,0,1,0
BRF:2
BRH:0
end_of_record
TN:
SF:src/components/AudioControls/index.js
FN:5,(anonymous_0)
FN:9,(anonymous_1)
FN:17,(anonymous_2)
FNF:3
FNH:0
FNDA:0,(anonymous_0)
FNDA:0,(anonymous_1)
FNDA:0,(anonymous_2)
DA:5,0
DA:7,0
DA:9,0
DA:10,0
DA:11,0
DA:13,0
DA:17,0
DA:18,0
DA:19,0
DA:20,0
DA:24,0
LF:11
LH:0
BRDA:10,0,0,0
BRDA:10,0,1,0
BRDA:19,1,0,0
BRDA:19,1,1,0
BRDA:19,2,0,0
BRDA:19,2,1,0
BRDA:19,2,2,0
BRDA:27,3,0,0
BRDA:27,3,1,0
BRDA:30,4,0,0
BRDA:30,4,1,0
BRF:11
BRH:0
end_of_record
TN:
SF:src/components/Auth/LoginForm.js
FN:7,(anonymous_0)
FN:10,(anonymous_1)
FN:19,(anonymous_2)
FN:37,(anonymous_3)
FN:39,(anonymous_4)
FN:45,(anonymous_5)
FN:52,(anonymous_6)
FNF:7
FNH:0
FNDA:0,(anonymous_0)
FNDA:0,(anonymous_1)
FNDA:0,(anonymous_2)
FNDA:0,(anonymous_3)
FNDA:0,(anonymous_4)
FNDA:0,(anonymous_5)
FNDA:0,(anonymous_6)
DA:7,0
DA:8,0
DA:9,0
DA:10,0
DA:12,0
DA:17,0
DA:19,0
DA:20,0
DA:21,0
DA:23,0
DA:24,0
DA:25,0
DA:26,0
DA:29,0
DA:30,0
DA:33,0
DA:34,0
DA:37,0
DA:38,0
DA:39,0
DA:44,0
DA:45,0
DA:52,0
DA:53,0
DA:54,0
DA:56,0
DA:57,0
DA:58,0
DA:59,0
DA:62,0
DA:66,0
LF:31
LH:0
BRDA:23,0,0,0
BRDA:23,0,1,0
BRDA:25,1,0,0
BRDA:25,1,1,0
BRDA:29,2,0,0
BRDA:29,2,1,0
BRDA:44,3,0,0
BRDA:44,3,1,0
BRDA:54,4,0,0
BRDA:54,4,1,0
BRDA:58,5,0,0
BRDA:58,5,1,0
BRDA:70,6,0,0
BRDA:70,6,1,0
BRDA:80,7,0,0
BRDA:80,7,1,0
BRDA:83,8,0,0
BRDA:83,8,1,0
BRDA:96,9,0,0
BRDA:96,9,1,0
BRDA:99,10,0,0
BRDA:99,10,1,0
BRDA:105,11,0,0
BRDA:105,11,1,0
BRF:24
BRH:0
end_of_record
TN:
SF:src/components/Auth/ProtectedRoute.jsx
FN:4,(anonymous_0)
FN:5,(anonymous_1)
FNF:2
FNH:0
FNDA:0,(anonymous_0)
FNDA:0,(anonymous_1)
DA:4,0
DA:5,0
DA:6,0
DA:8,0
DA:9,0
DA:12,0
LF:6
LH:0
BRDA:8,0,0,0
BRDA:8,0,1,0
BRF:2
BRH:0
end_of_record
TN:
SF:src/components/Auth/SignupForm.js
FN:7,(anonymous_0)
FN:10,(anonymous_1)
FN:20,(anonymous_2)
FN:46,(anonymous_3)
FN:48,(anonymous_4)
FN:54,(anonymous_5)
FN:61,(anonymous_6)
FNF:7
FNH:0
FNDA:0,(anonymous_0)
FNDA:0,(anonymous_1)
FNDA:0,(anonymous_2)
FNDA:0,(anonymous_3)
FNDA:0,(anonymous_4)
FNDA:0,(anonymous_5)
FNDA:0,(anonymous_6)
DA:7,0
DA:8,0
DA:9,0
DA:10,0
DA:12,0
DA:18,0
DA:20,0
DA:21,0
DA:22,0
DA:24,0
DA:25,0
DA:26,0
DA:27,0
DA:30,0
DA:31,0
DA:32,0
DA:33,0
DA:36,0
DA:37,0
DA:38,0
DA:39,0
DA:42,0
DA:43,0
DA:46,0
DA:47,0
DA:48,0
DA:53,0
DA:54,0
DA:61,0
DA:62,0
DA:63,0
DA:65,0
DA:66,0
DA:67,0
DA:68,0
DA:69,0
DA:72,0
DA:76,0
LF:38
LH:0
BRDA:24,0,0,0
BRDA:24,0,1,0
BRDA:26,1,0,0
BRDA:26,1,1,0
BRDA:30,2,0,0
BRDA:30,2,1,0
BRDA:32,3,0,0
BRDA:32,3,1,0
BRDA:36,4,0,0
BRDA:36,4,1,0
BRDA:38,5,0,0
BRDA:38,5,1,0
BRDA:53,6,0,0
BRDA:53,6,1,0
BRDA:63,7,0,0
BRDA:63,7,1,0
BRDA:68,8,0,0
BRDA:68,8,1,0
BRDA:80,9,0,0
BRDA:80,9,1,0
BRDA:90,10,0,0
BRDA:90,10,1,0
BRDA:93,11,0,0
BRDA:93,11,1,0
BRDA:106,12,0,0
BRDA:106,12,1,0
BRDA:109,13,0,0
BRDA:109,13,1,0
BRDA:122,14,0,0
BRDA:122,14,1,0
BRDA:125,15,0,0
BRDA:125,15,1,0
BRDA:133,16,0,0
BRDA:133,16,1,0
BRF:34
BRH:0
end_of_record
TN:
SF:src/components/BatchOperations/BatchOperations.js
FN:6,(anonymous_0)
FN:16,(anonymous_1)
FN:26,(anonymous_2)
FN:30,(anonymous_3)
FN:34,(anonymous_4)
FN:35,(anonymous_5)
FN:43,(anonymous_6)
FN:53,(anonymous_7)
FN:75,(anonymous_8)
FN:81,(anonymous_9)
FN:86,(anonymous_10)
FN:103,(anonymous_11)
FN:116,(anonymous_12)
FN:122,(anonymous_13)
FNF:14
FNH:0
FNDA:0,(anonymous_0)
FNDA:0,(anonymous_1)
FNDA:0,(anonymous_2)
FNDA:0,(anonymous_3)
FNDA:0,(anonymous_4)
FNDA:0,(anonymous_5)
FNDA:0,(anonymous_6)
FNDA:0,(anonymous_7)
FNDA:0,(anonymous_8)
FNDA:0,(anonymous_9)
FNDA:0,(anonymous_10)
FNDA:0,(anonymous_11)
FNDA:0,(anonymous_12)
FNDA:0,(anonymous_13)
DA:6,0
DA:12,0
DA:13,0
DA:14,0
DA:16,0
DA:17,0
DA:18,0
DA:19,0
DA:21,0
DA:23,0
DA:26,0
DA:27,0
DA:28,0
DA:30,0
DA:34,0
DA:35,0
DA:36,0
DA:37,0
DA:39,0
DA:43,0
DA:44,0
DA:45,0
DA:46,0
DA:47,0
DA:49,0
DA:53,0
DA:54,0
DA:55,0
DA:58,0
DA:76,0
DA:81,0
DA:86,0
DA:103,0
DA:116,0
DA:122,0
DA:145,0
LF:36
LH:0
BRDA:18,0,0,0
BRDA:18,0,1,0
BRDA:27,1,0,0
BRDA:27,1,1,0
BRDA:36,2,0,0
BRDA:36,2,1,0
BRDA:44,3,0,0
BRDA:44,3,1,0
BRDA:64,4,0,0
BRDA:64,4,1,0
BRDA:79,5,0,0
BRDA:79,5,1,0
BRDA:93,6,0,0
BRDA:93,6,1,0
BRDA:132,7,0,0
BRDA:132,7,1,0
BRDA:135,8,0,0
BRDA:135,8,1,0
BRF:18
BRH:0
end_of_record
TN:
SF:src/components/Collaboration/CollaborationOverlay.jsx
FN:4,(anonymous_0)
FN:18,(anonymous_1)
FN:22,(anonymous_2)
FN:39,(anonymous_3)
FN:48,(anonymous_4)
FN:51,(anonymous_5)
FN:54,(anonymous_6)
FN:69,(anonymous_7)
FN:99,(anonymous_8)
FN:100,(anonymous_9)
FNF:10
FNH:0
FNDA:0,(anonymous_0)
FNDA:0,(anonymous_1)
FNDA:0,(anonymous_2)
FNDA:0,(anonymous_3)
FNDA:0,(anonymous_4)
FNDA:0,(anonymous_5)
FNDA:0,(anonymous_6)
FNDA:0,(anonymous_7)
FNDA:0,(anonymous_8)
FNDA:0,(anonymous_9)
DA:4,0
DA:5,0
DA:18,0
DA:19,0
DA:23,0
DA:39,0
DA:46,0
DA:48,0
DA:49,0
DA:51,0
DA:52,0
DA:54,0
DA:55,0
DA:59,0
DA:66,0
DA:67,0
DA:69,0
DA:70,0
DA:74,0
DA:100,0
DA:101,0
DA:103,0
LF:22
LH:0
BRDA:49,0,0,0
BRDA:49,0,1,0
BRDA:78,1,0,0
BRDA:78,1,1,0
BRDA:88,2,0,0
BRDA:88,2,1,0
BRDA:90,3,0,0
BRDA:90,3,1,0
BRDA:92,4,0,0
BRDA:92,4,1,0
BRDA:96,5,0,0
BRDA:96,5,1,0
BRDA:101,6,0,0
BRDA:101,6,1,0
BRF:14
BRH:0
end_of_record
TN:
SF:src/components/Collaboration/CollaborationPanel.js
FN:8,(anonymous_0)
FN:15,(anonymous_1)
FN:17,(anonymous_2)
FN:22,(anonymous_3)
FN:27,(anonymous_4)
FN:32,(anonymous_5)
FN:36,(anonymous_6)
FN:37,(anonymous_7)
FN:40,(anonymous_8)
FN:52,(anonymous_9)
FN:59,(anonymous_10)
FN:73,(anonymous_11)
FN:95,(anonymous_12)
FN:111,(anonymous_13)
FN:133,(anonymous_14)
FN:144,(anonymous_15)
FN:150,(anonymous_16)
FNF:17
FNH:0
FNDA:0,(anonymous_0)
FNDA:0,(anonymous_1)
FNDA:0,(anonymous_2)
FNDA:0,(anonymous_3)
FNDA:0,(anonymous_4)
FNDA:0,(anonymous_5)
FNDA:0,(anonymous_6)
FNDA:0,(anonymous_7)
FNDA:0,(anonymous_8)
FNDA:0,(anonymous_9)
FNDA:0,(anonymous_10)
FNDA:0,(anonymous_11)
FNDA:0,(anonymous_12)
FNDA:0,(anonymous_13)
FNDA:0,(anonymous_14)
FNDA:0,(anonymous_15)
FNDA:0,(anonymous_16)
DA:8,0
DA:9,0
DA:10,0
DA:11,0
DA:12,0
DA:13,0
DA:14,0
DA:15,0
DA:17,0
DA:18,0
DA:22,0
DA:23,0
DA:24,0
DA:27,0
DA:28,0
DA:29,0
DA:32,0
DA:33,0
DA:36,0
DA:37,0
DA:40,0
DA:42,0
DA:44,0
DA:50,0
DA:52,0
DA:53,0
DA:54,0
DA:59,0
DA:60,0
DA:61,0
DA:63,0
DA:70,0
DA:73,0
DA:74,0
DA:82,0
DA:83,0
DA:86,0
DA:87,0
DA:90,0
DA:96,0
DA:112,0
DA:133,0
DA:144,0
DA:150,0
LF:44
LH:0
BRDA:42,0,0,0
BRDA:42,0,1,0
BRDA:53,1,0,0
BRDA:53,1,1,0
BRDA:61,2,0,0
BRDA:61,2,1,0
BRDA:82,3,0,0
BRDA:82,3,1,0
BRDA:86,4,0,0
BRDA:86,4,1,0
BRDA:99,5,0,0
BRDA:99,5,1,0
BRDA:115,6,0,0
BRDA:115,6,1,0
BRF:14
BRH:0
end_of_record
TN:
SF:src/components/Comments/Comment.js
FN:7,(anonymous_0)
FN:11,(anonymous_1)
FN:14,(anonymous_2)
FN:33,(anonymous_3)
FN:48,(anonymous_4)
FN:52,(anonymous_5)
FN:74,(anonymous_6)
FN:100,(anonymous_7)
FNF:8
FNH:0
FNDA:0,(anonymous_0)
FNDA:0,(anonymous_1)
FNDA:0,(anonymous_2)
FNDA:0,(anonymous_3)
FNDA:0,(anonymous_4)
FNDA:0,(anonymous_5)
FNDA:0,(anonymous_6)
FNDA:0,(anonymous_7)
DA:7,0
DA:8,0
DA:9,0
DA:10,0
DA:11,0
DA:12,0
DA:14,0
DA:15,0
DA:16,0
DA:17,0
DA:24,0
DA:26,0
DA:29,0
DA:33,0
DA:34,0
DA:35,0
DA:36,0
DA:43,0
DA:48,0
DA:49,0
DA:52,0
DA:53,0
DA:54,0
DA:63,0
DA:74,0
DA:101,0
DA:114,0
LF:27
LH:0
BRDA:15,0,0,0
BRDA:15,0,1,0
BRDA:34,1,0,0
BRDA:34,1,1,0
BRDA:71,2,0,0
BRDA:71,2,1,0
BRDA:86,3,0,0
BRDA:86,3,1,0
BRDA:89,4,0,0
BRDA:89,4,1,0
BRDA:98,5,0,0
BRDA:98,5,1,0
BRDA:98,5,2,0
BRF:13
BRH:0
end_of_record
TN:
SF:src/components/Comments/CommentList.js
FN:8,(anonymous_0)
FN:10,(anonymous_1)
FN:14,(anonymous_2)
FN:18,(anonymous_3)
FN:37,(anonymous_4)
FN:54,(anonymous_5)
FN:62,(anonymous_6)
FN:79,(anonymous_7)
FNF:8
FNH:0
FNDA:0,(anonymous_0)
FNDA:0,(anonymous_1)
FNDA:0,(anonymous_2)
FNDA:0,(anonymous_3)
FNDA:0,(anonymous_4)
FNDA:0,(anonymous_5)
FNDA:0,(anonymous_6)
FNDA:0,(anonymous_7)
DA:8,0
DA:9,0
DA:10,0
DA:11,0
DA:12,0
DA:14,0
DA:15,0
DA:18,0
DA:19,0
DA:20,0
DA:22,0
DA:23,0
DA:30,0
DA:31,0
DA:33,0
DA:37,0
DA:38,0
DA:41,0
DA:42,0
DA:45,0
DA:46,0
DA:49,0
DA:54,0
DA:62,0
DA:80,0
DA:92,0
LF:26
LH:0
BRDA:20,0,0,0
BRDA:20,0,1,0
BRDA:41,1,0,0
BRDA:41,1,1,0
BRDA:45,2,0,0
BRDA:45,2,1,0
BRDA:55,3,0,0
BRDA:55,3,1,0
BRDA:59,4,0,0
BRDA:59,4,1,0
BRDA:73,5,0,0
BRDA:73,5,1,0
BRF:12
BRH:0
end_of_record
TN:
SF:src/components/Comments/Comments.js
FN:6,(anonymous_0)
FN:22,(anonymous_1)
FN:27,(anonymous_2)
FN:30,(anonymous_3)
FN:45,(anonymous_4)
FN:58,(anonymous_5)
FNF:6
FNH:0
FNDA:0,(anonymous_0)
FNDA:0,(anonymous_1)
FNDA:0,(anonymous_2)
FNDA:0,(anonymous_3)
FNDA:0,(anonymous_4)
FNDA:0,(anonymous_5)
DA:6,0
DA:7,0
DA:22,0
DA:23,0
DA:24,0
DA:26,0
DA:27,0
DA:30,0
DA:31,0
DA:32,0
DA:33,0
DA:34,0
DA:38,0
DA:46,0
DA:58,0
DA:74,0
DA:85,0
LF:17
LH:0
BRDA:9,0,0,0
BRDA:9,0,1,0
BRDA:32,1,0,0
BRDA:32,1,1,0
BRDA:42,2,0,0
BRDA:42,2,1,0
BRF:6
BRH:0
end_of_record
TN:
SF:src/components/Common/BaseControlPanel.jsx
FN:5,(anonymous_0)
FN:13,(anonymous_1)
FN:21,(anonymous_2)
FN:37,(anonymous_3)
FN:53,(anonymous_4)
FN:56,(anonymous_5)
FN:78,(anonymous_6)
FNF:7
FNH:2
FNDA:32,(anonymous_0)
FNDA:0,(anonymous_1)
FNDA:32,(anonymous_2)
FNDA:0,(anonymous_3)
FNDA:0,(anonymous_4)
FNDA:0,(anonymous_5)
FNDA:0,(anonymous_6)
DA:5,3
DA:13,32
DA:14,0
DA:18,0
DA:21,32
DA:22,32
DA:24,32
DA:26,32
DA:38,0
DA:47,0
DA:53,0
DA:57,0
DA:66,0
DA:70,32
DA:79,0
DA:91,3
LF:16
LH:8
BRDA:22,0,0,32
BRDA:22,0,1,32
BRDA:24,1,0,32
BRDA:24,1,1,0
BRDA:24,1,2,0
BRDA:71,2,0,32
BRDA:71,2,1,28
BRDA:74,3,0,0
BRDA:74,3,1,0
BRF:9
BRH:5
end_of_record
TN:
SF:src/components/Common/EmptyState.jsx
FN:5,(anonymous_0)
FNF:1
FNH:0
FNDA:0,(anonymous_0)
DA:5,0
DA:12,0
DA:26,0
LF:3
LH:0
BRDA:6,0,0,0
BRDA:7,1,0,0
BRDA:8,2,0,0
BRDA:17,3,0,0
BRDA:17,3,1,0
BRDA:17,3,2,0
BRF:6
BRH:0
end_of_record
TN:
SF:src/components/Common/ErrorBoundary.js
FN:5,(anonymous_0)
FN:14,(anonymous_1)
FN:18,(anonymous_2)
FN:28,(anonymous_3)
FN:40,(anonymous_4)
FNF:5
FNH:5
FNDA:11,(anonymous_0)
FNDA:14,(anonymous_1)
FNDA:7,(anonymous_2)
FNDA:2,(anonymous_3)
FNDA:37,(anonymous_4)
DA:6,11
DA:7,11
DA:15,14
DA:19,7
DA:25,7
DA:28,11
DA:29,2
DA:35,2
DA:36,1
DA:41,37
DA:42,22
DA:62,15
LF:12
LH:12
BRDA:35,0,0,1
BRDA:35,0,1,1
BRDA:41,1,0,22
BRDA:41,1,1,15
BRDA:46,2,0,22
BRDA:46,2,1,0
BRF:6
BRH:5
end_of_record
TN:
SF:src/components/Common/ErrorBoundary.jsx
FN:6,(anonymous_0)
FN:15,(anonymous_1)
FN:19,(anonymous_2)
FN:31,(anonymous_3)
FN:43,(anonymous_4)
FNF:5
FNH:0
FNDA:0,(anonymous_0)
FNDA:0,(anonymous_1)
FNDA:0,(anonymous_2)
FNDA:0,(anonymous_3)
FNDA:0,(anonymous_4)
DA:7,0
DA:8,0
DA:16,0
DA:20,0
DA:26,0
DA:27,0
DA:31,0
DA:32,0
DA:38,0
DA:39,0
DA:44,0
DA:45,0
DA:47,0
DA:48,0
DA:49,0
DA:52,0
DA:60,0
DA:64,0
LF:18
LH:0
BRDA:26,0,0,0
BRDA:26,0,1,0
BRDA:38,1,0,0
BRDA:38,1,1,0
BRDA:47,2,0,0
BRDA:47,2,1,0
BRDA:48,3,0,0
BRDA:48,3,1,0
BRDA:54,4,0,0
BRDA:54,4,1,0
BRF:10
BRH:0
end_of_record
TN:
SF:src/components/Common/ErrorMessage.js
FN:5,(anonymous_0)
FNF:1
FNH:0
FNDA:0,(anonymous_0)
DA:5,0
DA:6,0
DA:8,0
DA:22,0
LF:4
LH:0
BRDA:5,0,0,0
BRDA:6,1,0,0
BRDA:6,1,1,0
BRDA:12,2,0,0
BRDA:12,2,1,0
BRF:5
BRH:0
end_of_record
TN:
SF:src/components/Common/ErrorMessage.jsx
FN:5,(anonymous_0)
FN:7,(anonymous_1)
FNF:2
FNH:0
FNDA:0,(anonymous_0)
FNDA:0,(anonymous_1)
DA:5,0
DA:7,0
DA:8,0
DA:10,0
DA:11,0
DA:13,0
DA:14,0
DA:16,0
DA:17,0
DA:19,0
DA:20,0
DA:22,0
DA:23,0
DA:25,0
DA:27,0
DA:30,0
DA:32,0
DA:45,0
LF:18
LH:0
BRDA:8,0,0,0
BRDA:8,0,1,0
BRDA:10,1,0,0
BRDA:10,1,1,0
BRDA:13,2,0,0
BRDA:13,2,1,0
BRDA:16,3,0,0
BRDA:16,3,1,0
BRDA:19,4,0,0
BRDA:19,4,1,0
BRDA:22,5,0,0
BRDA:22,5,1,0
BRDA:36,6,0,0
BRDA:36,6,1,0
BRF:14
BRH:0
end_of_record
TN:
SF:src/components/Common/GlobalErrorBoundary.jsx
FN:12,(anonymous_0)
FN:24,(anonymous_1)
FN:28,(anonymous_2)
FN:29,(anonymous_3)
FN:47,(anonymous_4)
FN:57,(anonymous_5)
FN:83,(anonymous_6)
FN:84,(anonymous_7)
FN:96,(anonymous_8)
FN:102,(anonymous_9)
FN:112,(anonymous_10)
FN:159,(anonymous_11)
FN:184,(anonymous_12)
FNF:13
FNH:9
FNDA:19,(anonymous_0)
FNDA:18,(anonymous_1)
FNDA:9,(anonymous_2)
FNDA:9,(anonymous_3)
FNDA:36,(anonymous_4)
FNDA:9,(anonymous_5)
FNDA:0,(anonymous_6)
FNDA:0,(anonymous_7)
FNDA:0,(anonymous_8)
FNDA:0,(anonymous_9)
FNDA:27,(anonymous_10)
FNDA:46,(anonymous_11)
FNDA:19,(anonymous_12)
DA:13,19
DA:14,19
DA:25,18
DA:29,9
DA:36,9
DA:44,9
DA:48,36
DA:49,36
DA:58,9
DA:80,9
DA:83,19
DA:84,0
DA:91,0
DA:92,0
DA:96,19
DA:98,0
DA:99,0
DA:102,0
DA:103,0
DA:109,0
DA:113,27
DA:114,27
DA:116,27
DA:160,46
DA:161,27
DA:164,19
DA:168,2
DA:179,2
DA:184,19
LF:29
LH:21
BRDA:40,0,0,0
BRDA:40,0,1,9
BRDA:50,1,0,36
BRDA:50,1,1,36
BRDA:50,1,2,9
BRDA:50,1,3,9
BRDA:50,1,4,27
BRDA:50,1,5,27
BRDA:71,2,0,9
BRDA:71,2,1,0
BRDA:91,3,0,0
BRDA:91,3,1,0
BRDA:119,4,0,9
BRDA:119,4,1,18
BRDA:121,5,0,9
BRDA:121,5,1,18
BRDA:124,6,0,27
BRDA:124,6,1,0
BRDA:126,7,0,27
BRDA:126,7,1,3
BRDA:133,8,0,27
BRDA:133,8,1,18
BRDA:133,8,2,18
BRDA:141,9,0,27
BRDA:141,9,1,27
BRDA:160,10,0,27
BRDA:160,10,1,19
BRF:27
BRH:22
end_of_record
TN:
SF:src/components/Common/Header.js
FN:6,(anonymous_0)
FN:9,(anonymous_1)
FN:11,(anonymous_2)
FNF:3
FNH:0
FNDA:0,(anonymous_0)
FNDA:0,(anonymous_1)
FNDA:0,(anonymous_2)
DA:6,0
DA:7,0
DA:8,0
DA:9,0
DA:11,0
DA:12,0
DA:13,0
DA:16,0
LF:8
LH:0
BRDA:23,0,0,0
BRDA:23,0,1,0
BRF:2
BRH:0
end_of_record
TN:
SF:src/components/Common/Layout.js
FN:6,(anonymous_0)
FN:7,(anonymous_1)
FNF:2
FNH:0
FNDA:0,(anonymous_0)
FNDA:0,(anonymous_1)
DA:6,0
DA:7,0
DA:9,0
LF:3
LH:0
BRDA:12,0,0,0
BRDA:12,0,1,0
BRF:2
BRH:0
end_of_record
TN:
SF:src/components/Common/LazyImage.jsx
FN:5,(anonymous_0)
FN:10,(anonymous_1)
FN:14,(anonymous_2)
FN:20,(anonymous_3)
FN:26,(anonymous_4)
FNF:5
FNH:0
FNDA:0,(anonymous_0)
FNDA:0,(anonymous_1)
FNDA:0,(anonymous_2)
FNDA:0,(anonymous_3)
FNDA:0,(anonymous_4)
DA:5,0
DA:6,0
DA:7,0
DA:8,0
DA:10,0
DA:11,0
DA:12,0
DA:14,0
DA:15,0
DA:16,0
DA:17,0
DA:20,0
DA:21,0
DA:22,0
DA:23,0
DA:26,0
DA:27,0
DA:28,0
DA:32,0
DA:56,0
DA:65,0
LF:21
LH:0
BRDA:17,0,0,0
BRDA:17,0,1,0
BRDA:23,1,0,0
BRDA:23,1,1,0
BRDA:33,2,0,0
BRDA:33,2,1,0
BRDA:34,3,0,0
BRDA:34,3,1,0
BRDA:39,4,0,0
BRDA:39,4,1,0
BRDA:47,5,0,0
BRDA:47,5,1,0
BRDA:48,6,0,0
BRDA:48,6,1,0
BRF:14
BRH:0
end_of_record
TN:
SF:src/components/Common/Loading.js
FN:3,(anonymous_0)
FNF:1
FNH:0
FNDA:0,(anonymous_0)
DA:3,0
DA:4,0
LF:2
LH:0
BRDA:3,0,0,0
BRF:1
BRH:0
end_of_record
TN:
SF:src/components/Common/LoadingErrorState.js
FN:5,(anonymous_0)
FNF:1
FNH:0
FNDA:0,(anonymous_0)
DA:5,0
DA:12,0
DA:13,0
DA:21,0
DA:22,0
DA:35,0
DA:38,0
LF:7
LH:0
BRDA:8,0,0,0
BRDA:12,1,0,0
BRDA:12,1,1,0
BRDA:21,2,0,0
BRDA:21,2,1,0
BRDA:25,3,0,0
BRDA:25,3,1,0
BRDA:26,4,0,0
BRDA:26,4,1,0
BRF:9
BRH:0
end_of_record
TN:
SF:src/components/Common/LoadingSpinner.js
FN:5,(anonymous_0)
FNF:1
FNH:0
FNDA:0,(anonymous_0)
DA:5,1
DA:10,0
DA:12,0
DA:13,0
DA:23,0
DA:31,1
LF:6
LH:2
BRDA:6,0,0,0
BRDA:7,1,0,0
BRDA:8,2,0,0
BRDA:12,3,0,0
BRDA:12,3,1,0
BRDA:17,4,0,0
BRDA:17,4,1,0
BRDA:26,5,0,0
BRDA:26,5,1,0
BRF:9
BRH:0
end_of_record
TN:
SF:src/components/Common/LoadingSpinner.jsx
FN:5,(anonymous_0)
FNF:1
FNH:0
FNDA:0,(anonymous_0)
DA:5,0
DA:10,0
DA:14,0
DA:27,0
LF:4
LH:0
BRDA:6,0,0,0
BRDA:7,1,0,0
BRDA:8,2,0,0
BRDA:11,3,0,0
BRDA:11,3,1,0
BRDA:22,4,0,0
BRDA:22,4,1,0
BRF:7
BRH:0
end_of_record
TN:
SF:src/components/Common/Modal.jsx
FN:4,(anonymous_0)
FN:5,(anonymous_1)
FN:6,(anonymous_2)
FN:17,(anonymous_3)
FN:27,(anonymous_4)
FNF:5
FNH:0
FNDA:0,(anonymous_0)
FNDA:0,(anonymous_1)
FNDA:0,(anonymous_2)
FNDA:0,(anonymous_3)
FNDA:0,(anonymous_4)
DA:4,0
DA:5,0
DA:6,0
DA:7,0
DA:8,0
DA:12,0
DA:13,0
DA:14,0
DA:17,0
DA:18,0
DA:19,0
DA:23,0
DA:25,0
DA:27,0
LF:14
LH:0
BRDA:7,0,0,0
BRDA:7,0,1,0
BRDA:12,1,0,0
BRDA:12,1,1,0
BRDA:23,2,0,0
BRDA:23,2,1,0
BRF:6
BRH:0
end_of_record
TN:
SF:src/components/Common/PrivateRoute.js
FN:4,(anonymous_0)
FN:5,(anonymous_1)
FNF:2
FNH:0
FNDA:0,(anonymous_0)
FNDA:0,(anonymous_1)
DA:4,0
DA:5,0
DA:7,0
LF:3
LH:0
BRDA:7,0,0,0
BRDA:7,0,1,0
BRF:2
BRH:0
end_of_record
TN:
SF:src/components/Common/Search.js
FN:5,(anonymous_0)
FN:12,(anonymous_1)
FN:13,(anonymous_2)
FN:23,(anonymous_3)
FN:24,(anonymous_4)
FN:31,(anonymous_5)
FN:34,(anonymous_6)
FN:35,(anonymous_7)
FN:47,(anonymous_8)
FN:52,(anonymous_9)
FN:61,(anonymous_10)
FN:67,(anonymous_11)
FN:71,(anonymous_12)
FN:84,(anonymous_13)
FNF:14
FNH:0
FNDA:0,(anonymous_0)
FNDA:0,(anonymous_1)
FNDA:0,(anonymous_2)
FNDA:0,(anonymous_3)
FNDA:0,(anonymous_4)
FNDA:0,(anonymous_5)
FNDA:0,(anonymous_6)
FNDA:0,(anonymous_7)
FNDA:0,(anonymous_8)
FNDA:0,(anonymous_9)
FNDA:0,(anonymous_10)
FNDA:0,(anonymous_11)
FNDA:0,(anonymous_12)
FNDA:0,(anonymous_13)
DA:5,0
DA:6,0
DA:7,0
DA:8,0
DA:9,0
DA:10,0
DA:12,0
DA:13,0
DA:14,0
DA:20,0
DA:23,0
DA:24,0
DA:25,0
DA:26,0
DA:30,0
DA:31,0
DA:34,0
DA:35,0
DA:41,0
DA:47,0
DA:52,0
DA:62,0
DA:67,0
DA:72,0
DA:84,0
LF:25
LH:0
BRDA:5,0,0,0
BRDA:5,1,0,0
BRDA:25,2,0,0
BRDA:25,2,1,0
BRDA:25,3,0,0
BRDA:25,3,1,0
BRDA:59,4,0,0
BRDA:59,4,1,0
BRDA:64,5,0,0
BRDA:64,5,1,0
BRDA:66,6,0,0
BRDA:66,6,1,0
BRDA:77,7,0,0
BRDA:77,7,1,0
BRDA:83,8,0,0
BRDA:83,8,1,0
BRDA:87,9,0,0
BRDA:87,9,1,0
BRF:18
BRH:0
end_of_record
TN:
SF:src/components/Common/Sidebar.js
FN:4,(anonymous_0)
FN:17,(anonymous_1)
FNF:2
FNH:0
FNDA:0,(anonymous_0)
FNDA:0,(anonymous_1)
DA:4,0
DA:5,0
DA:7,0
DA:14,0
DA:18,0
LF:5
LH:0
BRDA:22,0,0,0
BRDA:22,0,1,0
BRF:2
BRH:0
end_of_record
TN:
SF:src/components/Common/SuccessMessage.jsx
FN:5,(anonymous_0)
FN:12,(anonymous_1)
FN:14,(anonymous_2)
FN:18,(anonymous_3)
FN:22,(anonymous_4)
FNF:5
FNH:0
FNDA:0,(anonymous_0)
FNDA:0,(anonymous_1)
FNDA:0,(anonymous_2)
FNDA:0,(anonymous_3)
FNDA:0,(anonymous_4)
DA:5,0
DA:12,0
DA:13,0
DA:14,0
DA:15,0
DA:18,0
DA:22,0
DA:23,0
DA:24,0
DA:28,0
DA:41,0
LF:11
LH:0
BRDA:7,0,0,0
BRDA:9,1,0,0
BRDA:10,2,0,0
BRDA:13,3,0,0
BRDA:13,3,1,0
BRDA:13,4,0,0
BRDA:13,4,1,0
BRDA:23,5,0,0
BRDA:23,5,1,0
BRDA:30,6,0,0
BRDA:30,6,1,0
BRDA:32,7,0,0
BRDA:32,7,1,0
BRF:13
BRH:0
end_of_record
TN:
SF:src/components/Common/Transitions.js
FN:3,(anonymous_0)
FN:16,(anonymous_1)
FNF:2
FNH:0
FNDA:0,(anonymous_0)
FNDA:0,(anonymous_1)
DA:3,0
DA:4,0
DA:16,0
DA:17,0
LF:4
LH:0
BRF:0
BRH:0
end_of_record
TN:
SF:src/components/Music/AudioParameters.js
FN:9,(anonymous_0)
FN:13,(anonymous_1)
FN:33,(anonymous_2)
FN:47,(anonymous_3)
FN:61,(anonymous_4)
FN:77,(anonymous_5)
FN:98,(anonymous_6)
FN:114,(anonymous_7)
FN:130,(anonymous_8)
FN:146,(anonymous_9)
FN:167,(anonymous_10)
FN:183,(anonymous_11)
FN:204,(anonymous_12)
FN:218,(anonymous_13)
FNF:14
FNH:0
FNDA:0,(anonymous_0)
FNDA:0,(anonymous_1)
FNDA:0,(anonymous_2)
FNDA:0,(anonymous_3)
FNDA:0,(anonymous_4)
FNDA:0,(anonymous_5)
FNDA:0,(anonymous_6)
FNDA:0,(anonymous_7)
FNDA:0,(anonymous_8)
FNDA:0,(anonymous_9)
FNDA:0,(anonymous_10)
FNDA:0,(anonymous_11)
FNDA:0,(anonymous_12)
FNDA:0,(anonymous_13)
DA:9,0
DA:10,0
DA:11,0
DA:13,0
DA:14,0
DA:17,0
DA:33,0
DA:47,0
DA:62,0
DA:78,0
DA:99,0
DA:115,0
DA:131,0
DA:147,0
DA:168,0
DA:184,0
DA:204,0
DA:219,0
LF:18
LH:0
BRF:0
BRH:0
end_of_record
TN:
SF:src/components/Music/AudioVisualizer.js
FN:6,(anonymous_0)
FN:11,(anonymous_1)
FN:17,(anonymous_2)
FN:23,(anonymous_3)
FN:28,(anonymous_4)
FN:37,(anonymous_5)
FN:99,(anonymous_6)
FNF:7
FNH:0
FNDA:0,(anonymous_0)
FNDA:0,(anonymous_1)
FNDA:0,(anonymous_2)
FNDA:0,(anonymous_3)
FNDA:0,(anonymous_4)
FNDA:0,(anonymous_5)
FNDA:0,(anonymous_6)
DA:6,0
DA:7,0
DA:8,0
DA:9,0
DA:11,0
DA:13,0
DA:14,0
DA:15,0
DA:17,0
DA:18,0
DA:19,0
DA:23,0
DA:24,0
DA:25,0
DA:26,0
DA:28,0
DA:29,0
DA:30,0
DA:31,0
DA:34,0
DA:35,0
DA:37,0
DA:38,0
DA:39,0
DA:40,0
DA:43,0
DA:46,0
DA:47,0
DA:48,0
DA:50,0
DA:51,0
DA:53,0
DA:54,0
DA:55,0
DA:57,0
DA:58,0
DA:60,0
DA:63,0
DA:66,0
DA:67,0
DA:70,0
DA:71,0
DA:72,0
DA:73,0
DA:74,0
DA:76,0
DA:77,0
DA:78,0
DA:79,0
DA:81,0
DA:83,0
DA:86,0
DA:87,0
DA:91,0
DA:92,0
DA:93,0
DA:94,0
DA:96,0
DA:99,0
DA:100,0
DA:101,0
DA:102,0
DA:107,0
DA:120,0
LF:64
LH:0
BRDA:57,0,0,0
BRDA:57,0,1,0
BRDA:86,1,0,0
BRDA:86,1,1,0
BRDA:91,2,0,0
BRDA:91,2,1,0
BRDA:93,3,0,0
BRDA:93,3,1,0
BRDA:101,4,0,0
BRDA:101,4,1,0
BRDA:110,5,0,0
BRDA:110,5,1,0
BRF:12
BRH:0
end_of_record
TN:
SF:src/components/Music/MidiControls.js
FN:8,(anonymous_0)
FN:13,(anonymous_1)
FN:28,(anonymous_2)
FN:45,(anonymous_3)
FNF:4
FNH:0
FNDA:0,(anonymous_0)
FNDA:0,(anonymous_1)
FNDA:0,(anonymous_2)
FNDA:0,(anonymous_3)
DA:8,0
DA:9,0
DA:10,0
DA:11,0
DA:13,0
DA:14,0
DA:15,0
DA:17,0
DA:18,0
DA:19,0
DA:20,0
DA:22,0
DA:24,0
DA:28,0
DA:29,0
DA:30,0
DA:31,0
DA:34,0
DA:35,0
DA:36,0
DA:41,0
DA:45,0
DA:46,0
DA:49,0
DA:79,0
DA:83,0
LF:26
LH:0
BRDA:15,0,0,0
BRDA:15,0,1,0
BRDA:29,1,0,0
BRDA:29,1,1,0
BRF:4
BRH:0
end_of_record
TN:
SF:src/components/Music/MusicControlPanel.jsx
FN:64,(anonymous_0)
FN:70,(anonymous_1)
FN:81,(anonymous_2)
FN:83,(anonymous_3)
FN:84,(anonymous_4)
FNF:5
FNH:0
FNDA:0,(anonymous_0)
FNDA:0,(anonymous_1)
FNDA:0,(anonymous_2)
FNDA:0,(anonymous_3)
FNDA:0,(anonymous_4)
DA:7,0
DA:14,0
DA:31,0
DA:40,0
DA:64,0
DA:70,0
DA:74,0
DA:81,0
DA:83,0
DA:84,0
DA:86,0
DA:92,0
DA:104,0
LF:13
LH:0
BRF:0
BRH:0
end_of_record
TN:
SF:src/components/Music/MusicControls.js
FN:9,(anonymous_0)
FN:13,(anonymous_1)
FN:28,(anonymous_2)
FN:40,(anonymous_3)
FNF:4
FNH:0
FNDA:0,(anonymous_0)
FNDA:0,(anonymous_1)
FNDA:0,(anonymous_2)
FNDA:0,(anonymous_3)
DA:9,0
DA:10,0
DA:11,0
DA:13,0
DA:14,0
DA:15,0
DA:26,0
DA:28,0
DA:29,0
DA:40,0
DA:46,0
LF:11
LH:0
BRDA:14,0,0,0
BRDA:14,0,1,0
BRDA:26,1,0,0
BRDA:26,1,1,0
BRDA:39,2,0,0
BRDA:39,2,1,0
BRF:6
BRH:0
end_of_record
TN:
SF:src/components/Music/MusicPlayer.js
FN:6,(anonymous_0)
FN:7,(anonymous_1)
FN:12,(anonymous_2)
FN:13,(anonymous_3)
FN:24,(anonymous_4)
FN:29,(anonymous_5)
FN:35,(anonymous_6)
FN:48,(anonymous_7)
FN:75,(anonymous_8)
FNF:9
FNH:0
FNDA:0,(anonymous_0)
FNDA:0,(anonymous_1)
FNDA:0,(anonymous_2)
FNDA:0,(anonymous_3)
FNDA:0,(anonymous_4)
FNDA:0,(anonymous_5)
FNDA:0,(anonymous_6)
FNDA:0,(anonymous_7)
FNDA:0,(anonymous_8)
DA:6,0
DA:7,0
DA:8,0
DA:9,0
DA:10,0
DA:12,0
DA:13,0
DA:14,0
DA:15,0
DA:16,0
DA:18,0
DA:22,0
DA:24,0
DA:25,0
DA:29,0
DA:30,0
DA:31,0
DA:35,0
DA:36,0
DA:38,0
DA:39,0
DA:40,0
DA:42,0
DA:43,0
DA:44,0
DA:48,0
DA:49,0
DA:51,0
DA:52,0
DA:58,0
DA:59,0
DA:60,0
DA:61,0
DA:62,0
DA:63,0
DA:64,0
DA:65,0
DA:67,0
DA:71,0
DA:72,0
DA:75,0
DA:82,0
DA:126,0
LF:43
LH:0
BRDA:30,0,0,0
BRDA:30,0,1,0
BRDA:30,1,0,0
BRDA:30,1,1,0
BRDA:36,2,0,0
BRDA:36,2,1,0
BRDA:38,3,0,0
BRDA:38,3,1,0
BRDA:49,4,0,0
BRDA:49,4,1,0
BRDA:71,5,0,0
BRDA:71,5,1,0
BRDA:87,6,0,0
BRDA:87,6,1,0
BRDA:90,7,0,0
BRDA:90,7,1,0
BRDA:91,8,0,0
BRDA:91,8,1,0
BRDA:111,9,0,0
BRDA:111,9,1,0
BRDA:115,10,0,0
BRDA:115,10,1,0
BRDA:119,11,0,0
BRDA:119,11,1,0
BRF:24
BRH:0
end_of_record
TN:
SF:src/components/Music/MusicWorkspace.js
FN:18,(anonymous_0)
FN:24,(anonymous_1)
FN:26,(anonymous_2)
FN:34,(anonymous_3)
FN:39,(anonymous_4)
FN:44,(anonymous_5)
FN:49,(anonymous_6)
FN:51,(anonymous_7)
FNF:8
FNH:0
FNDA:0,(anonymous_0)
FNDA:0,(anonymous_1)
FNDA:0,(anonymous_2)
FNDA:0,(anonymous_3)
FNDA:0,(anonymous_4)
FNDA:0,(anonymous_5)
FNDA:0,(anonymous_6)
FNDA:0,(anonymous_7)
DA:18,0
DA:19,0
DA:20,0
DA:21,0
DA:22,0
DA:24,0
DA:26,0
DA:27,0
DA:28,0
DA:29,0
DA:31,0
DA:34,0
DA:35,0
DA:36,0
DA:39,0
DA:44,0
DA:45,0
DA:46,0
DA:49,0
DA:50,0
DA:51,0
DA:54,0
LF:22
LH:0
BRDA:27,0,0,0
BRDA:27,0,1,0
BRDA:35,1,0,0
BRDA:35,1,1,0
BRDA:39,2,0,0
BRDA:39,2,1,0
BRDA:45,3,0,0
BRDA:45,3,1,0
BRDA:64,4,0,0
BRDA:64,4,1,0
BRDA:76,5,0,0
BRDA:76,5,1,0
BRDA:80,6,0,0
BRDA:80,6,1,0
BRDA:88,7,0,0
BRDA:88,7,1,0
BRF:16
BRH:0
end_of_record
TN:
SF:src/components/Music/PianoRoll.js
FN:10,(anonymous_0)
FN:27,(anonymous_1)
FN:56,(anonymous_2)
FN:57,(anonymous_3)
FN:73,(anonymous_4)
FN:94,(anonymous_5)
FN:99,(anonymous_6)
FN:131,(anonymous_7)
FN:145,(anonymous_8)
FN:150,(anonymous_9)
FN:157,(anonymous_10)
FN:164,(anonymous_11)
FN:186,(anonymous_12)
FN:186,(anonymous_13)
FN:192,(anonymous_14)
FN:192,(anonymous_15)
FNF:16
FNH:0
FNDA:0,(anonymous_0)
FNDA:0,(anonymous_1)
FNDA:0,(anonymous_2)
FNDA:0,(anonymous_3)
FNDA:0,(anonymous_4)
FNDA:0,(anonymous_5)
FNDA:0,(anonymous_6)
FNDA:0,(anonymous_7)
FNDA:0,(anonymous_8)
FNDA:0,(anonymous_9)
FNDA:0,(anonymous_10)
FNDA:0,(anonymous_11)
FNDA:0,(anonymous_12)
FNDA:0,(anonymous_13)
FNDA:0,(anonymous_14)
FNDA:0,(anonymous_15)
DA:5,0
DA:6,0
DA:7,0
DA:8,0
DA:10,0
DA:17,0
DA:18,0
DA:19,0
DA:20,0
DA:21,0
DA:22,0
DA:24,0
DA:25,0
DA:27,0
DA:28,0
DA:29,0
DA:32,0
DA:35,0
DA:36,0
DA:39,0
DA:40,0
DA:41,0
DA:42,0
DA:43,0
DA:47,0
DA:48,0
DA:49,0
DA:50,0
DA:51,0
DA:55,0
DA:56,0
DA:57,0
DA:59,0
DA:61,0
DA:62,0
DA:64,0
DA:65,0
DA:66,0
DA:67,0
DA:73,0
DA:74,0
DA:76,0
DA:79,0
DA:80,0
DA:82,0
DA:85,0
DA:88,0
DA:89,0
DA:90,0
DA:94,0
DA:95,0
DA:96,0
DA:97,0
DA:99,0
DA:101,0
DA:103,0
DA:104,0
DA:112,0
DA:113,0
DA:114,0
DA:115,0
DA:118,0
DA:119,0
DA:120,0
DA:127,0
DA:131,0
DA:132,0
DA:134,0
DA:135,0
DA:136,0
DA:138,0
DA:139,0
DA:145,0
DA:146,0
DA:147,0
DA:150,0
DA:151,0
DA:153,0
DA:154,0
DA:157,0
DA:164,0
DA:165,0
DA:166,0
DA:167,0
DA:171,0
DA:186,0
DA:192,0
DA:202,0
DA:218,0
LF:89
LH:0
BRDA:61,0,0,0
BRDA:61,0,1,0
BRDA:64,1,0,0
BRDA:64,1,1,0
BRDA:82,2,0,0
BRDA:82,2,1,0
BRDA:105,3,0,0
BRDA:105,3,1,0
BRDA:105,3,2,0
BRDA:105,3,3,0
BRDA:112,4,0,0
BRDA:112,4,1,0
BRDA:132,5,0,0
BRDA:132,5,1,0
BRDA:132,6,0,0
BRDA:132,6,1,0
BRDA:151,7,0,0
BRDA:151,7,1,0
BRDA:165,8,0,0
BRDA:165,8,1,0
BRDA:165,9,0,0
BRDA:165,9,1,0
BRF:22
BRH:0
end_of_record
TN:
SF:src/components/Music/PresetManager.js
FN:58,(anonymous_0)
FN:61,(anonymous_1)
FN:70,(anonymous_2)
FN:82,(anonymous_3)
FN:117,(anonymous_4)
FN:130,(anonymous_5)
FN:145,(anonymous_6)
FN:150,(anonymous_7)
FN:168,(anonymous_8)
FN:174,(anonymous_9)
FN:181,(anonymous_10)
FN:196,(anonymous_11)
FNF:12
FNH:0
FNDA:0,(anonymous_0)
FNDA:0,(anonymous_1)
FNDA:0,(anonymous_2)
FNDA:0,(anonymous_3)
FNDA:0,(anonymous_4)
FNDA:0,(anonymous_5)
FNDA:0,(anonymous_6)
FNDA:0,(anonymous_7)
FNDA:0,(anonymous_8)
FNDA:0,(anonymous_9)
FNDA:0,(anonymous_10)
FNDA:0,(anonymous_11)
DA:10,0
DA:58,0
DA:59,0
DA:60,0
DA:61,0
DA:62,0
DA:63,0
DA:67,0
DA:68,0
DA:70,0
DA:71,0
DA:72,0
DA:73,0
DA:74,0
DA:75,0
DA:78,0
DA:82,0
DA:83,0
DA:84,0
DA:85,0
DA:88,0
DA:89,0
DA:108,0
DA:109,0
DA:110,0
DA:111,0
DA:113,0
DA:117,0
DA:118,0
DA:119,0
DA:120,0
DA:121,0
DA:122,0
DA:123,0
DA:126,0
DA:130,0
DA:131,0
DA:132,0
DA:133,0
DA:134,0
DA:135,0
DA:136,0
DA:137,0
DA:138,0
DA:139,0
DA:141,0
DA:145,0
DA:146,0
DA:147,0
DA:149,0
DA:150,0
DA:151,0
DA:152,0
DA:153,0
DA:154,0
DA:155,0
DA:157,0
DA:160,0
DA:163,0
DA:169,0
DA:174,0
DA:181,0
DA:196,0
LF:63
LH:0
BRDA:63,0,0,0
BRDA:63,0,1,0
BRDA:73,1,0,0
BRDA:73,1,1,0
BRDA:83,2,0,0
BRDA:83,2,1,0
BRDA:122,3,0,0
BRDA:122,3,1,0
BRDA:147,4,0,0
BRDA:147,4,1,0
BRDA:172,5,0,0
BRDA:172,5,1,0
BRDA:178,6,0,0
BRDA:178,6,1,0
BRF:14
BRH:0
end_of_record
TN:
SF:src/components/Music/ScaleSelector.js
FN:30,(anonymous_0)
FN:35,(anonymous_1)
FN:40,(anonymous_2)
FN:45,(anonymous_3)
FN:50,(anonymous_4)
FN:53,(anonymous_5)
FN:59,(anonymous_6)
FN:65,(anonymous_7)
FN:83,(anonymous_8)
FN:94,(anonymous_9)
FN:109,(anonymous_10)
FN:122,(anonymous_11)
FN:133,(anonymous_12)
FNF:13
FNH:0
FNDA:0,(anonymous_0)
FNDA:0,(anonymous_1)
FNDA:0,(anonymous_2)
FNDA:0,(anonymous_3)
FNDA:0,(anonymous_4)
FNDA:0,(anonymous_5)
FNDA:0,(anonymous_6)
FNDA:0,(anonymous_7)
FNDA:0,(anonymous_8)
FNDA:0,(anonymous_9)
FNDA:0,(anonymous_10)
FNDA:0,(anonymous_11)
FNDA:0,(anonymous_12)
DA:9,0
DA:10,0
DA:22,0
DA:30,0
DA:31,0
DA:32,0
DA:33,0
DA:35,0
DA:36,0
DA:37,0
DA:40,0
DA:41,0
DA:42,0
DA:45,0
DA:46,0
DA:47,0
DA:50,0
DA:51,0
DA:52,0
DA:53,0
DA:54,0
DA:55,0
DA:59,0
DA:61,0
DA:62,0
DA:63,0
DA:65,0
DA:66,0
DA:67,0
DA:71,0
DA:84,0
DA:95,0
DA:110,0
DA:123,0
DA:134,0
LF:35
LH:0
BRDA:51,0,0,0
BRDA:51,0,1,0
BRDA:61,1,0,0
BRDA:61,1,1,0
BRDA:62,2,0,0
BRDA:62,2,1,0
BRF:6
BRH:0
end_of_record
TN:
SF:src/components/Music/SequenceDisplay.js
FN:9,(anonymous_0)
FN:26,(anonymous_1)
FNF:2
FNH:0
FNDA:0,(anonymous_0)
FNDA:0,(anonymous_1)
DA:9,0
DA:10,0
DA:11,0
DA:13,0
DA:14,0
DA:22,0
DA:27,0
LF:7
LH:0
BRDA:13,0,0,0
BRDA:13,0,1,0
BRDA:29,1,0,0
BRDA:29,1,1,0
BRDA:30,2,0,0
BRDA:30,2,1,0
BRDA:33,3,0,0
BRDA:33,3,1,0
BRDA:46,4,0,0
BRDA:46,4,1,0
BRF:10
BRH:0
end_of_record
TN:
SF:src/components/Music/Spectrogram.js
FN:5,(anonymous_0)
FN:9,(anonymous_1)
FN:19,(anonymous_2)
FN:47,(anonymous_3)
FNF:4
FNH:0
FNDA:0,(anonymous_0)
FNDA:0,(anonymous_1)
FNDA:0,(anonymous_2)
FNDA:0,(anonymous_3)
DA:5,0
DA:6,0
DA:7,0
DA:9,0
DA:10,0
DA:12,0
DA:13,0
DA:14,0
DA:15,0
DA:16,0
DA:18,0
DA:19,0
DA:20,0
DA:22,0
DA:25,0
DA:26,0
DA:29,0
DA:30,0
DA:31,0
DA:34,0
DA:35,0
DA:36,0
DA:39,0
DA:40,0
DA:41,0
DA:45,0
DA:47,0
DA:48,0
DA:49,0
DA:54,0
DA:72,0
DA:77,0
LF:32
LH:0
BRDA:5,0,0,0
BRDA:10,1,0,0
BRDA:10,1,1,0
BRDA:40,2,0,0
BRDA:40,2,1,0
BRDA:48,3,0,0
BRDA:48,3,1,0
BRF:7
BRH:0
end_of_record
TN:
SF:src/components/Music/TrackList.js
FN:18,(anonymous_0)
FN:24,(anonymous_1)
FN:28,(anonymous_2)
FN:32,(anonymous_3)
FN:36,(anonymous_4)
FN:40,(anonymous_5)
FN:44,(anonymous_6)
FN:48,(anonymous_7)
FN:52,(anonymous_8)
FN:71,(anonymous_9)
FN:77,(anonymous_10)
FN:85,(anonymous_11)
FN:101,(anonymous_12)
FN:114,(anonymous_13)
FN:135,(anonymous_14)
FN:136,(anonymous_15)
FN:150,(anonymous_16)
FN:151,(anonymous_17)
FN:177,(anonymous_18)
FNF:19
FNH:0
FNDA:0,(anonymous_0)
FNDA:0,(anonymous_1)
FNDA:0,(anonymous_2)
FNDA:0,(anonymous_3)
FNDA:0,(anonymous_4)
FNDA:0,(anonymous_5)
FNDA:0,(anonymous_6)
FNDA:0,(anonymous_7)
FNDA:0,(anonymous_8)
FNDA:0,(anonymous_9)
FNDA:0,(anonymous_10)
FNDA:0,(anonymous_11)
FNDA:0,(anonymous_12)
FNDA:0,(anonymous_13)
FNDA:0,(anonymous_14)
FNDA:0,(anonymous_15)
FNDA:0,(anonymous_16)
FNDA:0,(anonymous_17)
FNDA:0,(anonymous_18)
DA:18,0
DA:19,0
DA:20,0
DA:21,0
DA:22,0
DA:24,0
DA:25,0
DA:28,0
DA:29,0
DA:32,0
DA:33,0
DA:36,0
DA:37,0
DA:40,0
DA:41,0
DA:44,0
DA:45,0
DA:48,0
DA:49,0
DA:52,0
DA:53,0
DA:56,0
DA:72,0
DA:77,0
DA:86,0
DA:87,0
DA:102,0
DA:103,0
DA:115,0
DA:116,0
DA:135,0
DA:136,0
DA:150,0
DA:151,0
DA:177,0
LF:35
LH:0
BRDA:75,0,0,0
BRDA:75,0,1,0
BRDA:82,1,0,0
BRDA:82,1,1,0
BRDA:99,2,0,0
BRDA:99,2,1,0
BRDA:112,3,0,0
BRDA:112,3,1,0
BRDA:154,4,0,0
BRDA:154,4,1,0
BRDA:156,5,0,0
BRDA:156,5,1,0
BRF:12
BRH:0
end_of_record
TN:
SF:src/components/Music/TransportControls.js
FN:7,(anonymous_0)
FN:13,(anonymous_1)
FN:21,(anonymous_2)
FN:28,(anonymous_3)
FNF:4
FNH:0
FNDA:0,(anonymous_0)
FNDA:0,(anonymous_1)
FNDA:0,(anonymous_2)
FNDA:0,(anonymous_3)
DA:7,0
DA:8,0
DA:9,0
DA:11,0
DA:13,0
DA:14,0
DA:15,0
DA:17,0
DA:21,0
DA:22,0
DA:23,0
DA:25,0
DA:28,0
DA:29,0
DA:30,0
DA:32,0
DA:33,0
DA:36,0
DA:37,0
DA:38,0
DA:39,0
DA:42,0
DA:46,0
LF:23
LH:0
BRDA:14,0,0,0
BRDA:14,0,1,0
BRDA:22,1,0,0
BRDA:22,1,1,0
BRDA:30,2,0,0
BRDA:30,2,1,0
BRDA:61,3,0,0
BRDA:61,3,1,0
BRDA:63,4,0,0
BRDA:63,4,1,0
BRDA:64,5,0,0
BRDA:64,5,1,0
BRDA:78,6,0,0
BRDA:78,6,1,0
BRF:14
BRH:0
end_of_record
TN:
SF:src/components/MusicControls/MusicControlPanel.jsx
FN:5,(anonymous_0)
FNF:1
FNH:0
FNDA:0,(anonymous_0)
DA:5,2
DA:6,0
DA:57,0
DA:64,0
LF:4
LH:1
BRF:0
BRH:0
end_of_record
TN:
SF:src/components/Navigation/Navigation.js
FN:8,(anonymous_0)
FN:10,(anonymous_1)
FN:12,(anonymous_2)
FNF:3
FNH:0
FNDA:0,(anonymous_0)
FNDA:0,(anonymous_1)
FNDA:0,(anonymous_2)
DA:8,1
DA:9,0
DA:10,0
DA:12,0
DA:13,0
DA:16,0
LF:6
LH:1
BRDA:22,0,0,0
BRDA:22,0,1,0
BRF:2
BRH:0
end_of_record
TN:
SF:src/components/Navigation/Navigation.jsx
FN:5,(anonymous_0)
FNF:1
FNH:0
FNDA:0,(anonymous_0)
DA:5,0
DA:6,0
LF:2
LH:0
BRF:0
BRH:0
end_of_record
TN:
SF:src/components/Navigation/index.js
FN:7,(anonymous_0)
FN:10,(anonymous_1)
FN:12,(anonymous_2)
FNF:3
FNH:0
FNDA:0,(anonymous_0)
FNDA:0,(anonymous_1)
FNDA:0,(anonymous_2)
DA:7,0
DA:8,0
DA:9,0
DA:10,0
DA:12,0
DA:13,0
DA:16,0
DA:18,0
LF:8
LH:0
BRDA:16,0,0,0
BRDA:16,0,1,0
BRDA:28,1,0,0
BRDA:28,1,1,0
BRDA:34,2,0,0
BRDA:34,2,1,0
BRDA:40,3,0,0
BRDA:40,3,1,0
BRDA:49,4,0,0
BRDA:49,4,1,0
BRDA:51,5,0,0
BRDA:51,5,1,0
BRF:12
BRH:0
end_of_record
TN:
SF:src/components/Notifications/NotificationBell.js
FN:10,(anonymous_0)
FN:15,(anonymous_1)
FN:18,(anonymous_2)
FN:22,(anonymous_3)
FN:23,(anonymous_4)
FN:30,(anonymous_5)
FN:33,(anonymous_6)
FN:37,(anonymous_7)
FN:67,(anonymous_8)
FNF:9
FNH:0
FNDA:0,(anonymous_0)
FNDA:0,(anonymous_1)
FNDA:0,(anonymous_2)
FNDA:0,(anonymous_3)
FNDA:0,(anonymous_4)
FNDA:0,(anonymous_5)
FNDA:0,(anonymous_6)
FNDA:0,(anonymous_7)
FNDA:0,(anonymous_8)
DA:10,1
DA:11,0
DA:12,0
DA:13,0
DA:14,0
DA:15,0
DA:18,0
DA:19,0
DA:22,0
DA:23,0
DA:24,0
DA:25,0
DA:29,0
DA:30,0
DA:33,0
DA:34,0
DA:37,0
DA:38,0
DA:41,0
DA:67,0
LF:20
LH:1
BRDA:24,0,0,0
BRDA:24,0,1,0
BRDA:24,1,0,0
BRDA:24,1,1,0
BRDA:49,2,0,0
BRDA:49,2,1,0
BRDA:52,3,0,0
BRDA:52,3,1,0
BRDA:56,4,0,0
BRDA:56,4,1,0
BRF:10
BRH:0
end_of_record
TN:
SF:src/components/Notifications/NotificationPanel.js
FN:10,(anonymous_0)
FN:13,(anonymous_1)
FN:17,(anonymous_2)
FN:21,(anonymous_3)
FN:39,(anonymous_4)
FN:58,(anonymous_5)
FN:64,(anonymous_6)
FN:85,(anonymous_7)
FNF:8
FNH:0
FNDA:0,(anonymous_0)
FNDA:0,(anonymous_1)
FNDA:0,(anonymous_2)
FNDA:0,(anonymous_3)
FNDA:0,(anonymous_4)
FNDA:0,(anonymous_5)
FNDA:0,(anonymous_6)
FNDA:0,(anonymous_7)
DA:10,1
DA:11,0
DA:13,0
DA:14,0
DA:17,0
DA:18,0
DA:21,0
DA:22,0
DA:23,0
DA:24,0
DA:25,0
DA:26,0
DA:28,0
DA:29,0
DA:30,0
DA:31,0
DA:32,0
DA:33,0
DA:35,0
DA:39,0
DA:40,0
DA:42,0
DA:44,0
DA:46,0
DA:48,0
DA:52,0
DA:53,0
DA:56,0
DA:59,0
DA:65,0
DA:66,0
DA:68,0
DA:69,0
DA:86,0
DA:87,0
DA:99,1
LF:36
LH:2
BRDA:28,0,0,0
BRDA:28,0,1,0
BRDA:30,1,0,0
BRDA:30,1,1,0
BRDA:32,2,0,0
BRDA:32,2,1,0
BRDA:40,3,0,0
BRDA:40,3,1,0
BRDA:40,3,2,0
BRDA:40,3,3,0
BRDA:52,4,0,0
BRDA:52,4,1,0
BRDA:62,5,0,0
BRDA:62,5,1,0
BRDA:65,6,0,0
BRDA:65,6,1,0
BRDA:68,7,0,0
BRDA:68,7,1,0
BRF:18
BRH:0
end_of_record
TN:
SF:src/components/Physics/PhysicsControlPanel.jsx
FN:73,(anonymous_0)
FN:75,(anonymous_1)
FN:76,(anonymous_2)
FNF:3
FNH:0
FNDA:0,(anonymous_0)
FNDA:0,(anonymous_1)
FNDA:0,(anonymous_2)
DA:7,0
DA:15,0
DA:65,0
DA:73,0
DA:75,0
DA:76,0
DA:78,0
DA:84,0
DA:96,0
LF:9
LH:0
BRF:0
BRH:0
end_of_record
TN:
SF:src/components/Physics/PhysicsControls.js
FN:21,(anonymous_0)
FN:23,(anonymous_1)
FN:36,(anonymous_2)
FN:42,(anonymous_3)
FN:48,(anonymous_4)
FN:51,(anonymous_5)
FN:62,(anonymous_6)
FN:77,(anonymous_7)
FN:80,(anonymous_8)
FN:81,(anonymous_9)
FN:97,(anonymous_10)
FN:118,(anonymous_11)
FNF:12
FNH:0
FNDA:0,(anonymous_0)
FNDA:0,(anonymous_1)
FNDA:0,(anonymous_2)
FNDA:0,(anonymous_3)
FNDA:0,(anonymous_4)
FNDA:0,(anonymous_5)
FNDA:0,(anonymous_6)
FNDA:0,(anonymous_7)
FNDA:0,(anonymous_8)
FNDA:0,(anonymous_9)
FNDA:0,(anonymous_10)
FNDA:0,(anonymous_11)
DA:10,0
DA:21,0
DA:22,0
DA:23,0
DA:24,0
DA:33,0
DA:34,0
DA:36,0
DA:37,0
DA:38,0
DA:42,0
DA:43,0
DA:44,0
DA:48,0
DA:49,0
DA:51,0
DA:56,0
DA:58,0
DA:59,0
DA:62,0
DA:63,0
DA:74,0
DA:77,0
DA:78,0
DA:80,0
DA:81,0
DA:97,0
DA:103,0
DA:104,0
DA:111,0
DA:112,0
DA:118,0
DA:128,0
LF:33
LH:0
BRDA:37,0,0,0
BRDA:37,0,1,0
BRDA:43,1,0,0
BRDA:43,1,1,0
BRDA:58,2,0,0
BRDA:58,2,1,0
BRDA:86,3,0,0
BRDA:86,3,1,0
BRDA:103,4,0,0
BRDA:103,4,1,0
BRDA:103,5,0,0
BRDA:103,5,1,0
BRDA:111,6,0,0
BRDA:111,6,1,0
BRDA:131,7,0,0
BRDA:131,7,1,0
BRF:16
BRH:0
end_of_record
TN:
SF:src/components/Physics/PhysicsSimulation.js
FN:6,(anonymous_0)
FN:11,(anonymous_1)
FN:59,(anonymous_2)
FN:67,(anonymous_3)
FN:79,(anonymous_4)
FN:82,(anonymous_5)
FN:93,(anonymous_6)
FNF:7
FNH:0
FNDA:0,(anonymous_0)
FNDA:0,(anonymous_1)
FNDA:0,(anonymous_2)
FNDA:0,(anonymous_3)
FNDA:0,(anonymous_4)
FNDA:0,(anonymous_5)
FNDA:0,(anonymous_6)
DA:6,0
DA:7,0
DA:8,0
DA:9,0
DA:11,0
DA:13,0
DA:14,0
DA:25,0
DA:26,0
DA:29,0
DA:37,0
DA:40,0
DA:52,0
DA:55,0
DA:56,0
DA:59,0
DA:60,0
DA:61,0
DA:62,0
DA:65,0
DA:67,0
DA:68,0
DA:69,0
DA:70,0
DA:71,0
DA:72,0
DA:73,0
DA:74,0
DA:79,0
DA:80,0
DA:81,0
DA:82,0
DA:83,0
DA:84,0
DA:85,0
DA:86,0
DA:93,0
DA:94,0
DA:95,0
DA:96,0
DA:98,0
DA:103,0
DA:106,0
LF:43
LH:0
BRDA:80,0,0,0
BRDA:80,0,1,0
BRDA:83,1,0,0
BRDA:83,1,1,0
BRDA:94,2,0,0
BRDA:94,2,1,0
BRDA:95,3,0,0
BRDA:95,3,1,0
BRF:8
BRH:0
end_of_record
TN:
SF:src/components/Physics/PhysicsVisualizer.js
FN:5,(anonymous_0)
FN:14,(anonymous_1)
FN:54,(anonymous_2)
FN:63,(anonymous_3)
FN:68,(anonymous_4)
FN:83,(anonymous_5)
FN:87,(anonymous_6)
FN:97,(anonymous_7)
FN:104,(anonymous_8)
FNF:9
FNH:0
FNDA:0,(anonymous_0)
FNDA:0,(anonymous_1)
FNDA:0,(anonymous_2)
FNDA:0,(anonymous_3)
FNDA:0,(anonymous_4)
FNDA:0,(anonymous_5)
FNDA:0,(anonymous_6)
FNDA:0,(anonymous_7)
FNDA:0,(anonymous_8)
DA:6,0
DA:7,0
DA:8,0
DA:9,0
DA:10,0
DA:11,0
DA:16,0
DA:19,0
DA:21,0
DA:22,0
DA:23,0
DA:25,0
DA:26,0
DA:29,0
DA:30,0
DA:33,0
DA:34,0
DA:35,0
DA:36,0
DA:37,0
DA:38,0
DA:39,0
DA:40,0
DA:43,0
DA:44,0
DA:45,0
DA:46,0
DA:47,0
DA:48,0
DA:49,0
DA:50,0
DA:55,0
DA:56,0
DA:57,0
DA:58,0
DA:59,0
DA:63,0
DA:64,0
DA:65,0
DA:66,0
DA:68,0
DA:69,0
DA:70,0
DA:71,0
DA:72,0
DA:75,0
DA:76,0
DA:77,0
DA:83,0
DA:84,0
DA:85,0
DA:87,0
DA:88,0
DA:89,0
DA:92,0
DA:95,0
DA:97,0
DA:98,0
DA:99,0
DA:104,0
DA:105,0
DA:106,0
DA:107,0
DA:108,0
DA:111,0
DA:114,0
DA:115,0
DA:119,0
LF:68
LH:0
BRDA:5,0,0,0
BRDA:14,1,0,0
BRDA:33,2,0,0
BRDA:33,2,1,0
BRDA:37,3,0,0
BRDA:37,3,1,0
BRDA:43,4,0,0
BRDA:43,4,1,0
BRDA:47,5,0,0
BRDA:47,5,1,0
BRDA:75,6,0,0
BRDA:75,6,1,0
BRDA:98,7,0,0
BRDA:98,7,1,0
BRDA:114,8,0,0
BRDA:114,8,1,0
BRF:16
BRH:0
end_of_record
TN:
SF:src/components/PhysicsControls/ForceFieldEditor.jsx
FN:11,(anonymous_0)
FN:13,(anonymous_1)
FN:24,(anonymous_2)
FN:28,(anonymous_3)
FN:29,(anonymous_4)
FN:35,(anonymous_5)
FN:43,(anonymous_6)
FN:56,(anonymous_7)
FN:63,(anonymous_8)
FN:73,(anonymous_9)
FN:79,(anonymous_10)
FN:87,(anonymous_11)
FN:103,(anonymous_12)
FN:118,(anonymous_13)
FN:132,(anonymous_14)
FN:143,(anonymous_15)
FNF:16
FNH:0
FNDA:0,(anonymous_0)
FNDA:0,(anonymous_1)
FNDA:0,(anonymous_2)
FNDA:0,(anonymous_3)
FNDA:0,(anonymous_4)
FNDA:0,(anonymous_5)
FNDA:0,(anonymous_6)
FNDA:0,(anonymous_7)
FNDA:0,(anonymous_8)
FNDA:0,(anonymous_9)
FNDA:0,(anonymous_10)
FNDA:0,(anonymous_11)
FNDA:0,(anonymous_12)
FNDA:0,(anonymous_13)
FNDA:0,(anonymous_14)
FNDA:0,(anonymous_15)
DA:11,0
DA:12,0
DA:13,0
DA:14,0
DA:15,0
DA:24,0
DA:25,0
DA:28,0
DA:29,0
DA:35,0
DA:36,0
DA:40,0
DA:43,0
DA:44,0
DA:45,0
DA:52,0
DA:56,0
DA:57,0
DA:58,0
DA:59,0
DA:63,0
DA:64,0
DA:65,0
DA:68,0
DA:74,0
DA:79,0
DA:88,0
DA:89,0
DA:103,0
DA:119,0
DA:133,0
DA:143,0
LF:32
LH:0
BRDA:44,0,0,0
BRDA:44,0,1,0
BRDA:58,1,0,0
BRDA:58,1,1,0
BRDA:77,2,0,0
BRDA:77,2,1,0
BRDA:152,3,0,0
BRDA:152,3,1,0
BRF:8
BRH:0
end_of_record
TN:
SF:src/components/PhysicsControls/PhysicsControlPanel.jsx
FN:5,(anonymous_0)
FNF:1
FNH:0
FNDA:0,(anonymous_0)
DA:5,2
DA:6,0
DA:49,0
DA:72,0
LF:4
LH:1
BRF:0
BRH:0
end_of_record
TN:
SF:src/components/Presence/Presence.js
FN:5,(anonymous_0)
FN:13,(anonymous_1)
FN:28,(anonymous_2)
FN:34,(anonymous_3)
FNF:4
FNH:0
FNDA:0,(anonymous_0)
FNDA:0,(anonymous_1)
FNDA:0,(anonymous_2)
FNDA:0,(anonymous_3)
DA:5,0
DA:6,0
DA:8,0
DA:14,0
DA:29,0
DA:35,0
LF:6
LH:0
BRDA:24,0,0,0
BRDA:24,0,1,0
BRF:2
BRH:0
end_of_record
TN:
SF:src/components/Profile/ProfileSettings.js
FN:7,(anonymous_0)
FN:18,(anonymous_1)
FN:22,(anonymous_2)
FN:29,(anonymous_3)
FN:30,(anonymous_4)
FN:36,(anonymous_5)
FN:74,(anonymous_6)
FN:85,(anonymous_7)
FN:94,(anonymous_8)
FN:104,(anonymous_9)
FNF:10
FNH:0
FNDA:0,(anonymous_0)
FNDA:0,(anonymous_1)
FNDA:0,(anonymous_2)
FNDA:0,(anonymous_3)
FNDA:0,(anonymous_4)
FNDA:0,(anonymous_5)
FNDA:0,(anonymous_6)
FNDA:0,(anonymous_7)
FNDA:0,(anonymous_8)
FNDA:0,(anonymous_9)
DA:7,0
DA:8,0
DA:9,0
DA:10,0
DA:11,0
DA:18,0
DA:19,0
DA:20,0
DA:21,0
DA:22,0
DA:23,0
DA:25,0
DA:29,0
DA:30,0
DA:36,0
DA:37,0
DA:38,0
DA:39,0
DA:44,0
DA:46,0
DA:50,0
DA:74,0
DA:85,0
DA:94,0
DA:104,0
LF:25
LH:0
BRDA:12,0,0,0
BRDA:12,0,1,0
BRDA:13,1,0,0
BRDA:13,1,1,0
BRDA:14,2,0,0
BRDA:14,2,1,0
BRDA:15,3,0,0
BRDA:15,3,1,0
BRDA:20,4,0,0
BRDA:20,4,1,0
BRDA:56,5,0,0
BRDA:56,5,1,0
BRDA:56,5,2,0
BRF:13
BRH:0
end_of_record
TN:
SF:src/components/Profile/UserProfile.js
FN:7,(anonymous_0)
FN:9,(anonymous_1)
FN:14,(anonymous_2)
FN:24,(anonymous_3)
FN:48,(anonymous_4)
FN:59,(anonymous_5)
FNF:6
FNH:0
FNDA:0,(anonymous_0)
FNDA:0,(anonymous_1)
FNDA:0,(anonymous_2)
FNDA:0,(anonymous_3)
FNDA:0,(anonymous_4)
FNDA:0,(anonymous_5)
DA:7,0
DA:8,0
DA:9,0
DA:11,0
DA:14,0
DA:24,0
DA:39,0
DA:48,0
DA:49,0
DA:50,0
DA:52,0
DA:56,0
DA:60,0
DA:61,0
LF:14
LH:0
BRDA:41,0,0,0
BRDA:41,0,1,0
BRDA:42,1,0,0
BRDA:42,1,1,0
BRDA:43,2,0,0
BRDA:43,2,1,0
BRDA:73,3,0,0
BRDA:73,3,1,0
BRDA:88,4,0,0
BRDA:88,4,1,0
BRDA:103,5,0,0
BRDA:103,5,1,0
BRDA:108,6,0,0
BRDA:108,6,1,0
BRDA:117,7,0,0
BRDA:117,7,1,0
BRF:16
BRH:0
end_of_record
TN:
SF:src/components/RichTextEditor/RichTextEditor.js
FN:12,(anonymous_0)
FN:20,(anonymous_1)
FN:26,(anonymous_2)
FN:32,(anonymous_3)
FN:38,(anonymous_4)
FN:43,(anonymous_5)
FN:46,(anonymous_6)
FN:50,(anonymous_7)
FN:56,(anonymous_8)
FN:64,(anonymous_9)
FN:72,(anonymous_10)
FN:78,(anonymous_11)
FN:84,(anonymous_12)
FN:90,(anonymous_13)
FN:96,(anonymous_14)
FN:101,(anonymous_15)
FN:104,(anonymous_16)
FN:107,(anonymous_17)
FN:108,(anonymous_18)
FN:113,(anonymous_19)
FN:128,(anonymous_20)
FNF:21
FNH:0
FNDA:0,(anonymous_0)
FNDA:0,(anonymous_1)
FNDA:0,(anonymous_2)
FNDA:0,(anonymous_3)
FNDA:0,(anonymous_4)
FNDA:0,(anonymous_5)
FNDA:0,(anonymous_6)
FNDA:0,(anonymous_7)
FNDA:0,(anonymous_8)
FNDA:0,(anonymous_9)
FNDA:0,(anonymous_10)
FNDA:0,(anonymous_11)
FNDA:0,(anonymous_12)
FNDA:0,(anonymous_13)
FNDA:0,(anonymous_14)
FNDA:0,(anonymous_15)
FNDA:0,(anonymous_16)
FNDA:0,(anonymous_17)
FNDA:0,(anonymous_18)
FNDA:0,(anonymous_19)
FNDA:0,(anonymous_20)
DA:12,0
DA:13,0
DA:14,0
DA:17,0
DA:20,0
DA:26,0
DA:32,0
DA:38,0
DA:43,0
DA:46,0
DA:50,0
DA:56,0
DA:64,0
DA:72,0
DA:78,0
DA:84,0
DA:90,0
DA:96,0
DA:101,0
DA:104,0
DA:107,0
DA:108,0
DA:113,0
DA:114,0
DA:129,0
DA:133,0
DA:141,0
DA:147,0
LF:28
LH:0
BRDA:13,0,0,0
BRDA:13,0,1,0
BRDA:21,1,0,0
BRDA:21,1,1,0
BRDA:27,2,0,0
BRDA:27,2,1,0
BRDA:33,3,0,0
BRDA:33,3,1,0
BRDA:39,4,0,0
BRDA:39,4,1,0
BRDA:51,5,0,0
BRDA:51,5,1,0
BRDA:58,6,0,0
BRDA:58,6,1,0
BRDA:66,7,0,0
BRDA:66,7,1,0
BRDA:73,8,0,0
BRDA:73,8,1,0
BRDA:79,9,0,0
BRDA:79,9,1,0
BRDA:85,10,0,0
BRDA:85,10,1,0
BRDA:91,11,0,0
BRDA:91,11,1,0
BRDA:97,12,0,0
BRDA:97,12,1,0
BRF:26
BRH:0
end_of_record
TN:
SF:src/components/RichTextEditor/RichTextEditor.jsx
FN:7,(anonymous_0)
FN:15,(anonymous_1)
FN:22,(anonymous_2)
FN:29,(anonymous_3)
FN:36,(anonymous_4)
FN:44,(anonymous_5)
FN:53,(anonymous_6)
FN:62,(anonymous_7)
FN:69,(anonymous_8)
FN:76,(anonymous_9)
FN:84,(anonymous_10)
FN:91,(anonymous_11)
FN:101,(anonymous_12)
FN:110,(anonymous_13)
FNF:14
FNH:0
FNDA:0,(anonymous_0)
FNDA:0,(anonymous_1)
FNDA:0,(anonymous_2)
FNDA:0,(anonymous_3)
FNDA:0,(anonymous_4)
FNDA:0,(anonymous_5)
FNDA:0,(anonymous_6)
FNDA:0,(anonymous_7)
FNDA:0,(anonymous_8)
FNDA:0,(anonymous_9)
FNDA:0,(anonymous_10)
FNDA:0,(anonymous_11)
FNDA:0,(anonymous_12)
FNDA:0,(anonymous_13)
DA:7,0
DA:8,0
DA:9,0
DA:12,0
DA:15,0
DA:22,0
DA:29,0
DA:36,0
DA:44,0
DA:53,0
DA:62,0
DA:69,0
DA:76,0
DA:84,0
DA:91,0
DA:101,0
DA:102,0
DA:111,0
DA:112,0
DA:116,0
LF:20
LH:0
BRDA:8,0,0,0
BRDA:8,0,1,0
BRDA:16,1,0,0
BRDA:16,1,1,0
BRDA:23,2,0,0
BRDA:23,2,1,0
BRDA:30,3,0,0
BRDA:30,3,1,0
BRDA:37,4,0,0
BRDA:37,4,1,0
BRDA:46,5,0,0
BRDA:46,5,1,0
BRDA:55,6,0,0
BRDA:55,6,1,0
BRDA:63,7,0,0
BRDA:63,7,1,0
BRDA:70,8,0,0
BRDA:70,8,1,0
BRDA:77,9,0,0
BRDA:77,9,1,0
BRDA:106,10,0,0
BRDA:106,10,1,0
BRF:22
BRH:0
end_of_record
TN:
SF:src/components/RichTextEditor/VersionHistory.jsx
FN:4,(anonymous_0)
FN:9,(anonymous_1)
FN:18,(anonymous_2)
FN:28,(anonymous_3)
FN:46,(anonymous_4)
FNF:5
FNH:0
FNDA:0,(anonymous_0)
FNDA:0,(anonymous_1)
FNDA:0,(anonymous_2)
FNDA:0,(anonymous_3)
FNDA:0,(anonymous_4)
DA:4,0
DA:5,0
DA:6,0
DA:9,0
DA:10,0
DA:18,0
DA:19,0
DA:20,0
DA:21,0
DA:24,0
DA:29,0
DA:46,0
LF:12
LH:0
BRDA:5,0,0,0
BRDA:5,0,1,0
BRDA:5,1,0,0
BRDA:5,1,1,0
BRDA:32,2,0,0
BRDA:32,2,1,0
BRDA:44,3,0,0
BRDA:44,3,1,0
BRDA:58,4,0,0
BRDA:58,4,1,0
BRF:10
BRH:0
end_of_record
TN:
SF:src/components/Storyboard/Storyboard.js
FN:28,(anonymous_0)
FN:30,(anonymous_1)
FN:35,(anonymous_2)
FN:39,(anonymous_3)
FN:74,(anonymous_4)
FN:85,(anonymous_5)
FN:90,(anonymous_6)
FN:95,(anonymous_7)
FN:100,(anonymous_8)
FN:105,(anonymous_9)
FN:173,(anonymous_10)
FN:183,(anonymous_11)
FN:223,(anonymous_12)
FN:233,(anonymous_13)
FN:238,(anonymous_14)
FN:243,(anonymous_15)
FN:248,(anonymous_16)
FN:320,(anonymous_17)
FN:324,(anonymous_18)
FN:332,(anonymous_19)
FN:341,(anonymous_20)
FN:342,(anonymous_21)
FN:343,(anonymous_22)
FN:344,(anonymous_23)
FN:346,(anonymous_24)
FN:356,(anonymous_25)
FN:357,(anonymous_26)
FN:358,(anonymous_27)
FN:359,(anonymous_28)
FN:360,(anonymous_29)
FN:374,(anonymous_30)
FN:410,(anonymous_31)
FN:418,(anonymous_32)
FN:428,(anonymous_33)
FN:432,(anonymous_34)
FN:438,(anonymous_35)
FN:440,(anonymous_36)
FN:445,(anonymous_37)
FN:455,(anonymous_38)
FN:461,(anonymous_39)
FN:472,(anonymous_40)
FN:478,(anonymous_41)
FN:488,(anonymous_42)
FN:492,(anonymous_43)
FN:496,(anonymous_44)
FN:500,(anonymous_45)
FN:503,(anonymous_46)
FN:505,(anonymous_47)
FN:509,(anonymous_48)
FN:519,(anonymous_49)
FN:520,(anonymous_50)
FN:528,(anonymous_51)
FN:532,(anonymous_52)
FN:639,(anonymous_53)
FN:650,(anonymous_54)
FNF:55
FNH:0
FNDA:0,(anonymous_0)
FNDA:0,(anonymous_1)
FNDA:0,(anonymous_2)
FNDA:0,(anonymous_3)
FNDA:0,(anonymous_4)
FNDA:0,(anonymous_5)
FNDA:0,(anonymous_6)
FNDA:0,(anonymous_7)
FNDA:0,(anonymous_8)
FNDA:0,(anonymous_9)
FNDA:0,(anonymous_10)
FNDA:0,(anonymous_11)
FNDA:0,(anonymous_12)
FNDA:0,(anonymous_13)
FNDA:0,(anonymous_14)
FNDA:0,(anonymous_15)
FNDA:0,(anonymous_16)
FNDA:0,(anonymous_17)
FNDA:0,(anonymous_18)
FNDA:0,(anonymous_19)
FNDA:0,(anonymous_20)
FNDA:0,(anonymous_21)
FNDA:0,(anonymous_22)
FNDA:0,(anonymous_23)
FNDA:0,(anonymous_24)
FNDA:0,(anonymous_25)
FNDA:0,(anonymous_26)
FNDA:0,(anonymous_27)
FNDA:0,(anonymous_28)
FNDA:0,(anonymous_29)
FNDA:0,(anonymous_30)
FNDA:0,(anonymous_31)
FNDA:0,(anonymous_32)
FNDA:0,(anonymous_33)
FNDA:0,(anonymous_34)
FNDA:0,(anonymous_35)
FNDA:0,(anonymous_36)
FNDA:0,(anonymous_37)
FNDA:0,(anonymous_38)
FNDA:0,(anonymous_39)
FNDA:0,(anonymous_40)
FNDA:0,(anonymous_41)
FNDA:0,(anonymous_42)
FNDA:0,(anonymous_43)
FNDA:0,(anonymous_44)
FNDA:0,(anonymous_45)
FNDA:0,(anonymous_46)
FNDA:0,(anonymous_47)
FNDA:0,(anonymous_48)
FNDA:0,(anonymous_49)
FNDA:0,(anonymous_50)
FNDA:0,(anonymous_51)
FNDA:0,(anonymous_52)
FNDA:0,(anonymous_53)
FNDA:0,(anonymous_54)
DA:27,0
DA:29,0
DA:30,0
DA:34,0
DA:35,0
DA:38,0
DA:39,0
DA:43,0
DA:73,0
DA:84,0
DA:85,0
DA:89,0
DA:90,0
DA:94,0
DA:95,0
DA:99,0
DA:100,0
DA:104,0
DA:105,0
DA:109,0
DA:172,0
DA:182,0
DA:183,0
DA:187,0
DA:222,0
DA:232,0
DA:233,0
DA:237,0
DA:238,0
DA:242,0
DA:243,0
DA:247,0
DA:248,0
DA:252,0
DA:320,0
DA:321,0
DA:324,0
DA:332,0
DA:340,0
DA:341,0
DA:342,0
DA:343,0
DA:345,0
DA:347,0
DA:355,0
DA:356,0
DA:357,0
DA:358,0
DA:360,0
DA:361,0
DA:362,0
DA:368,0
DA:369,0
DA:370,0
DA:371,0
DA:372,0
DA:374,0
DA:375,0
DA:376,0
DA:397,0
DA:408,0
DA:410,0
DA:411,0
DA:413,0
DA:414,0
DA:417,0
DA:419,0
DA:427,0
DA:428,0
DA:432,0
DA:433,0
DA:434,0
DA:437,0
DA:439,0
DA:440,0
DA:441,0
DA:442,0
DA:443,0
DA:444,0
DA:445,0
DA:448,0
DA:449,0
DA:454,0
DA:456,0
DA:459,0
DA:460,0
DA:462,0
DA:465,0
DA:466,0
DA:472,0
DA:474,0
DA:477,0
DA:479,0
DA:480,0
DA:481,0
DA:482,0
DA:488,0
DA:489,0
DA:492,0
DA:493,0
DA:497,0
DA:498,0
DA:499,0
DA:500,0
DA:504,0
DA:505,0
DA:508,0
DA:509,0
DA:519,0
DA:520,0
DA:521,0
DA:522,0
DA:523,0
DA:527,0
DA:528,0
DA:531,0
DA:533,0
DA:544,0
DA:545,0
DA:555,0
DA:640,0
DA:651,0
DA:667,0
DA:679,0
DA:693,0
DA:703,0
DA:717,0
DA:722,0
LF:128
LH:0
BRDA:46,0,0,0
BRDA:46,0,1,0
BRDA:123,1,0,0
BRDA:123,1,1,0
BRDA:127,2,0,0
BRDA:127,2,1,0
BRDA:127,3,0,0
BRDA:127,3,1,0
BRDA:131,4,0,0
BRDA:131,4,1,0
BRDA:135,5,0,0
BRDA:135,5,1,0
BRDA:135,6,0,0
BRDA:135,6,1,0
BRDA:146,7,0,0
BRDA:146,7,1,0
BRDA:149,8,0,0
BRDA:149,8,1,0
BRDA:155,9,0,0
BRDA:155,9,1,0
BRDA:158,10,0,0
BRDA:158,10,1,0
BRDA:207,11,0,0
BRDA:207,11,1,0
BRDA:255,12,0,0
BRDA:255,12,1,0
BRDA:256,13,0,0
BRDA:256,13,1,0
BRDA:303,14,0,0
BRDA:303,14,1,0
BRDA:305,15,0,0
BRDA:305,15,1,0
BRDA:323,16,0,0
BRDA:323,16,1,0
BRDA:330,17,0,0
BRDA:330,17,1,0
BRDA:347,18,0,0
BRDA:347,18,1,0
BRDA:347,18,2,0
BRDA:347,18,3,0
BRDA:349,19,0,0
BRDA:349,19,1,0
BRDA:350,20,0,0
BRDA:350,20,1,0
BRDA:361,21,0,0
BRDA:361,21,1,0
BRDA:362,22,0,0
BRDA:362,22,1,0
BRDA:439,23,0,0
BRDA:439,23,1,0
BRDA:441,24,0,0
BRDA:441,24,1,0
BRDA:459,25,0,0
BRDA:459,25,1,0
BRDA:479,26,0,0
BRDA:479,26,1,0
BRDA:497,27,0,0
BRDA:497,27,1,0
BRDA:504,28,0,0
BRDA:504,28,1,0
BRDA:521,29,0,0
BRDA:521,29,1,0
BRDA:544,30,0,0
BRDA:544,30,1,0
BRDA:578,31,0,0
BRDA:578,31,1,0
BRDA:581,32,0,0
BRDA:581,32,1,0
BRDA:589,33,0,0
BRDA:589,33,1,0
BRDA:595,34,0,0
BRDA:595,34,1,0
BRDA:608,35,0,0
BRDA:608,35,1,0
BRDA:608,35,2,0
BRDA:634,36,0,0
BRDA:634,36,1,0
BRDA:635,37,0,0
BRDA:635,37,1,0
BRF:79
BRH:0
end_of_record
TN:
SF:src/components/Storyboard/StoryboardFilters.js
FN:16,(anonymous_0)
FN:22,(anonymous_1)
FN:26,(anonymous_2)
FN:33,(anonymous_3)
FN:54,(anonymous_4)
FN:68,(anonymous_5)
FN:80,(anonymous_6)
FNF:7
FNH:0
FNDA:0,(anonymous_0)
FNDA:0,(anonymous_1)
FNDA:0,(anonymous_2)
FNDA:0,(anonymous_3)
FNDA:0,(anonymous_4)
FNDA:0,(anonymous_5)
FNDA:0,(anonymous_6)
DA:5,0
DA:11,0
DA:16,0
DA:22,0
DA:23,0
DA:26,0
DA:27,0
DA:33,0
DA:34,0
DA:40,0
DA:54,0
DA:69,0
DA:81,0
DA:91,0
LF:14
LH:0
BRDA:51,0,0,0
BRDA:51,0,1,0
BRF:2
BRH:0
end_of_record
TN:
SF:src/components/Storyboard/StoryboardList.js
FN:5,(anonymous_0)
FN:17,(anonymous_1)
FN:21,(anonymous_2)
FN:58,(anonymous_3)
FNF:4
FNH:0
FNDA:0,(anonymous_0)
FNDA:0,(anonymous_1)
FNDA:0,(anonymous_2)
FNDA:0,(anonymous_3)
DA:5,0
DA:6,0
DA:7,0
DA:15,0
DA:18,0
DA:21,0
DA:59,0
DA:75,0
DA:96,0
LF:9
LH:0
BRDA:6,0,0,0
BRDA:6,0,1,0
BRDA:6,1,0,0
BRDA:6,1,1,0
BRDA:23,2,0,0
BRDA:23,2,1,0
BRDA:44,3,0,0
BRDA:44,3,1,0
BRDA:45,4,0,0
BRDA:45,4,1,0
BRDA:50,5,0,0
BRDA:50,5,1,0
BRDA:57,6,0,0
BRDA:57,6,1,0
BRF:14
BRH:0
end_of_record
TN:
SF:src/components/Storyboard/StoryboardModal.js
FN:10,(anonymous_0)
FN:18,(anonymous_1)
FN:24,(anonymous_2)
FN:38,(anonymous_3)
FN:40,(anonymous_4)
FN:46,(anonymous_5)
FN:70,(anonymous_6)
FNF:7
FNH:0
FNDA:0,(anonymous_0)
FNDA:0,(anonymous_1)
FNDA:0,(anonymous_2)
FNDA:0,(anonymous_3)
FNDA:0,(anonymous_4)
FNDA:0,(anonymous_5)
FNDA:0,(anonymous_6)
DA:10,0
DA:17,0
DA:18,0
DA:19,0
DA:24,0
DA:25,0
DA:26,0
DA:31,0
DA:38,0
DA:39,0
DA:40,0
DA:46,0
DA:47,0
DA:49,0
DA:60,0
DA:61,0
DA:62,0
DA:66,0
DA:68,0
DA:70,0
DA:144,0
LF:21
LH:0
BRDA:25,0,0,0
BRDA:25,0,1,0
BRDA:28,1,0,0
BRDA:28,1,1,0
BRDA:49,2,0,0
BRDA:49,2,1,0
BRDA:61,3,0,0
BRDA:61,3,1,0
BRDA:66,4,0,0
BRDA:66,4,1,0
BRDA:72,5,0,0
BRDA:72,5,1,0
BRDA:110,6,0,0
BRDA:110,6,1,0
BRDA:126,7,0,0
BRDA:126,7,1,0
BRDA:131,8,0,0
BRDA:131,8,1,0
BRF:18
BRH:0
end_of_record
TN:
SF:src/components/Storyboard/StoryboardPagination.js
FN:5,(anonymous_0)
FN:6,(anonymous_1)
FN:22,(anonymous_2)
FN:44,(anonymous_3)
FN:66,(anonymous_4)
FN:84,(anonymous_5)
FN:95,(anonymous_6)
FNF:7
FNH:0
FNDA:0,(anonymous_0)
FNDA:0,(anonymous_1)
FNDA:0,(anonymous_2)
FNDA:0,(anonymous_3)
FNDA:0,(anonymous_4)
FNDA:0,(anonymous_5)
FNDA:0,(anonymous_6)
DA:5,0
DA:6,0
DA:7,0
DA:8,0
DA:9,0
DA:10,0
DA:13,0
DA:14,0
DA:18,0
DA:19,0
DA:22,0
DA:30,0
DA:31,0
DA:40,0
DA:41,0
DA:44,0
DA:55,0
DA:56,0
DA:57,0
DA:63,0
DA:66,0
DA:76,0
DA:79,0
DA:81,0
DA:84,0
DA:95,0
DA:106,0
LF:27
LH:0
BRDA:13,0,0,0
BRDA:13,0,1,0
BRDA:18,1,0,0
BRDA:18,1,1,0
BRDA:24,2,0,0
BRDA:24,2,1,0
BRDA:30,3,0,0
BRDA:30,3,1,0
BRDA:46,4,0,0
BRDA:46,4,1,0
BRDA:55,5,0,0
BRDA:55,5,1,0
BRDA:56,6,0,0
BRDA:56,6,1,0
BRDA:68,7,0,0
BRDA:68,7,1,0
BRDA:79,8,0,0
BRDA:79,8,1,0
BRF:18
BRH:0
end_of_record
TN:
SF:src/components/Storyboard/StoryboardPanel.jsx
FN:5,(anonymous_0)
FN:14,(anonymous_1)
FN:20,(anonymous_2)
FN:24,(anonymous_3)
FN:33,(anonymous_4)
FN:34,(anonymous_5)
FN:34,(anonymous_6)
FN:37,(anonymous_7)
FN:38,(anonymous_8)
FN:39,(anonymous_9)
FN:56,(anonymous_10)
FN:57,(anonymous_11)
FN:69,(anonymous_12)
FN:70,(anonymous_13)
FN:86,(anonymous_14)
FN:87,(anonymous_15)
FN:102,(anonymous_16)
FN:103,(anonymous_17)
FN:120,(anonymous_18)
FN:126,(anonymous_19)
FN:132,(anonymous_20)
FN:141,(anonymous_21)
FN:156,(anonymous_22)
FN:170,(anonymous_23)
FNF:24
FNH:0
FNDA:0,(anonymous_0)
FNDA:0,(anonymous_1)
FNDA:0,(anonymous_2)
FNDA:0,(anonymous_3)
FNDA:0,(anonymous_4)
FNDA:0,(anonymous_5)
FNDA:0,(anonymous_6)
FNDA:0,(anonymous_7)
FNDA:0,(anonymous_8)
FNDA:0,(anonymous_9)
FNDA:0,(anonymous_10)
FNDA:0,(anonymous_11)
FNDA:0,(anonymous_12)
FNDA:0,(anonymous_13)
FNDA:0,(anonymous_14)
FNDA:0,(anonymous_15)
FNDA:0,(anonymous_16)
FNDA:0,(anonymous_17)
FNDA:0,(anonymous_18)
FNDA:0,(anonymous_19)
FNDA:0,(anonymous_20)
FNDA:0,(anonymous_21)
FNDA:0,(anonymous_22)
FNDA:0,(anonymous_23)
DA:5,0
DA:6,0
DA:7,0
DA:14,0
DA:15,0
DA:16,0
DA:20,0
DA:21,0
DA:22,0
DA:24,0
DA:25,0
DA:33,0
DA:34,0
DA:37,0
DA:38,0
DA:39,0
DA:40,0
DA:45,0
DA:57,0
DA:70,0
DA:87,0
DA:103,0
DA:121,0
DA:127,0
DA:132,0
DA:142,0
DA:157,0
DA:171,0
DA:185,0
LF:29
LH:0
BRDA:5,0,0,0
BRDA:15,1,0,0
BRDA:15,1,1,0
BRDA:22,2,0,0
BRDA:22,2,1,0
BRDA:22,3,0,0
BRDA:22,3,1,0
BRDA:40,4,0,0
BRDA:40,4,1,0
BRDA:117,5,0,0
BRDA:117,5,1,0
BRF:11
BRH:0
end_of_record
TN:
SF:src/components/Storyboard/TimelineVisualization.js
FN:6,(anonymous_0)
FN:22,(anonymous_1)
FN:34,(anonymous_2)
FN:35,(anonymous_3)
FN:47,(anonymous_4)
FN:50,(anonymous_5)
FN:74,(anonymous_6)
FN:84,(anonymous_7)
FN:86,(anonymous_8)
FN:92,(anonymous_9)
FN:96,(anonymous_10)
FN:98,(anonymous_11)
FN:116,(anonymous_12)
FN:136,(anonymous_13)
FN:151,(anonymous_14)
FNF:15
FNH:0
FNDA:0,(anonymous_0)
FNDA:0,(anonymous_1)
FNDA:0,(anonymous_2)
FNDA:0,(anonymous_3)
FNDA:0,(anonymous_4)
FNDA:0,(anonymous_5)
FNDA:0,(anonymous_6)
FNDA:0,(anonymous_7)
FNDA:0,(anonymous_8)
FNDA:0,(anonymous_9)
FNDA:0,(anonymous_10)
FNDA:0,(anonymous_11)
FNDA:0,(anonymous_12)
FNDA:0,(anonymous_13)
FNDA:0,(anonymous_14)
DA:6,0
DA:15,0
DA:22,0
DA:34,0
DA:35,0
DA:47,0
DA:48,0
DA:50,0
DA:51,0
DA:52,0
DA:53,0
DA:54,0
DA:58,0
DA:62,0
DA:74,0
DA:81,0
DA:82,0
DA:84,0
DA:85,0
DA:86,0
DA:87,0
DA:88,0
DA:91,0
DA:92,0
DA:96,0
DA:97,0
DA:98,0
DA:99,0
DA:100,0
DA:101,0
DA:104,0
DA:107,0
DA:109,0
DA:117,0
DA:118,0
DA:119,0
DA:137,0
DA:152,0
DA:166,0
DA:182,0
DA:190,0
LF:41
LH:0
BRDA:16,0,0,0
BRDA:16,0,1,0
BRDA:51,1,0,0
BRDA:51,1,1,0
BRDA:85,2,0,0
BRDA:85,2,1,0
BRDA:117,3,0,0
BRDA:117,3,1,0
BRF:8
BRH:0
end_of_record
TN:
SF:src/components/Templates/TemplateDetail.js
FN:12,(anonymous_0)
FN:16,(anonymous_1)
FN:18,(anonymous_2)
FN:20,(anonymous_3)
FN:24,(anonymous_4)
FN:28,(anonymous_5)
FN:41,(anonymous_6)
FN:62,(anonymous_7)
FNF:8
FNH:0
FNDA:0,(anonymous_0)
FNDA:0,(anonymous_1)
FNDA:0,(anonymous_2)
FNDA:0,(anonymous_3)
FNDA:0,(anonymous_4)
FNDA:0,(anonymous_5)
FNDA:0,(anonymous_6)
FNDA:0,(anonymous_7)
DA:12,0
DA:13,0
DA:14,0
DA:15,0
DA:16,0
DA:18,0
DA:20,0
DA:21,0
DA:24,0
DA:25,0
DA:28,0
DA:29,0
DA:30,0
DA:31,0
DA:32,0
DA:33,0
DA:36,0
DA:41,0
DA:42,0
DA:45,0
DA:46,0
DA:49,0
DA:50,0
DA:53,0
DA:54,0
DA:57,0
DA:58,0
DA:62,0
DA:67,0
DA:69,0
DA:120,0
LF:31
LH:0
BRDA:29,0,0,0
BRDA:29,0,1,0
BRDA:32,1,0,0
BRDA:32,1,1,0
BRDA:45,2,0,0
BRDA:45,2,1,0
BRDA:49,3,0,0
BRDA:49,3,1,0
BRDA:53,4,0,0
BRDA:53,4,1,0
BRDA:57,5,0,0
BRDA:57,5,1,0
BRDA:73,6,0,0
BRDA:73,6,1,0
BRDA:94,7,0,0
BRDA:94,7,1,0
BRF:16
BRH:0
end_of_record
TN:
SF:src/components/Templates/TemplateForm.js
FN:11,(anonymous_0)
FN:13,(anonymous_1)
FN:23,(anonymous_2)
FN:37,(anonymous_3)
FN:39,(anonymous_4)
FN:45,(anonymous_5)
FN:97,(anonymous_6)
FNF:7
FNH:0
FNDA:0,(anonymous_0)
FNDA:0,(anonymous_1)
FNDA:0,(anonymous_2)
FNDA:0,(anonymous_3)
FNDA:0,(anonymous_4)
FNDA:0,(anonymous_5)
FNDA:0,(anonymous_6)
DA:11,0
DA:12,0
DA:13,0
DA:14,0
DA:23,0
DA:24,0
DA:25,0
DA:26,0
DA:37,0
DA:38,0
DA:39,0
DA:45,0
DA:46,0
DA:47,0
DA:48,0
DA:51,0
DA:52,0
DA:53,0
DA:56,0
DA:60,0
DA:98,0
DA:142,0
LF:22
LH:0
BRDA:25,0,0,0
BRDA:25,0,1,0
BRDA:41,1,0,0
BRDA:41,1,1,0
BRDA:48,2,0,0
BRDA:48,2,1,0
BRDA:52,3,0,0
BRDA:52,3,1,0
BRDA:131,4,0,0
BRDA:131,4,1,0
BRDA:133,5,0,0
BRDA:133,5,1,0
BRF:12
BRH:0
end_of_record
TN:
SF:src/components/Templates/TemplateList.js
FN:12,(anonymous_0)
FN:16,(anonymous_1)
FN:19,(anonymous_2)
FN:24,(anonymous_3)
FN:29,(anonymous_4)
FN:35,(anonymous_5)
FN:66,(anonymous_6)
FN:70,(anonymous_7)
FN:76,(anonymous_8)
FN:84,(anonymous_9)
FN:88,(anonymous_10)
FN:102,(anonymous_11)
FNF:12
FNH:0
FNDA:0,(anonymous_0)
FNDA:0,(anonymous_1)
FNDA:0,(anonymous_2)
FNDA:0,(anonymous_3)
FNDA:0,(anonymous_4)
FNDA:0,(anonymous_5)
FNDA:0,(anonymous_6)
FNDA:0,(anonymous_7)
FNDA:0,(anonymous_8)
FNDA:0,(anonymous_9)
FNDA:0,(anonymous_10)
FNDA:0,(anonymous_11)
DA:12,0
DA:13,0
DA:14,0
DA:15,0
DA:16,0
DA:19,0
DA:20,0
DA:21,0
DA:24,0
DA:25,0
DA:26,0
DA:29,0
DA:30,0
DA:31,0
DA:35,0
DA:36,0
DA:37,0
DA:38,0
DA:47,0
DA:51,0
DA:52,0
DA:55,0
DA:56,0
DA:59,0
DA:66,0
DA:71,0
DA:76,0
DA:85,0
DA:88,0
DA:102,0
DA:113,0
LF:31
LH:0
BRDA:26,0,0,0
BRDA:26,0,1,0
BRDA:30,1,0,0
BRDA:30,1,1,0
BRDA:51,2,0,0
BRDA:51,2,1,0
BRDA:55,3,0,0
BRDA:55,3,1,0
BRDA:64,4,0,0
BRDA:64,4,1,0
BRDA:74,5,0,0
BRDA:74,5,1,0
BRF:12
BRH:0
end_of_record
TN:
SF:src/components/Templates/TemplatesPage.js
FN:9,(anonymous_0)
FN:12,(anonymous_1)
FN:14,(anonymous_2)
FN:18,(anonymous_3)
FN:22,(anonymous_4)
FN:27,(anonymous_5)
FNF:6
FNH:0
FNDA:0,(anonymous_0)
FNDA:0,(anonymous_1)
FNDA:0,(anonymous_2)
FNDA:0,(anonymous_3)
FNDA:0,(anonymous_4)
FNDA:0,(anonymous_5)
DA:9,0
DA:10,0
DA:11,0
DA:12,0
DA:14,0
DA:15,0
DA:18,0
DA:19,0
DA:22,0
DA:23,0
DA:24,0
DA:27,0
DA:28,0
DA:31,0
LF:14
LH:0
BRDA:46,0,0,0
BRDA:46,0,1,0
BRDA:55,1,0,0
BRDA:55,1,1,0
BRF:4
BRH:0
end_of_record
TN:
SF:src/components/Universe/FavoriteButton.js
FN:7,(anonymous_0)
FN:9,(anonymous_1)
FN:12,(anonymous_2)
FN:13,(anonymous_3)
FN:17,(anonymous_4)
FNF:5
FNH:0
FNDA:0,(anonymous_0)
FNDA:0,(anonymous_1)
FNDA:0,(anonymous_2)
FNDA:0,(anonymous_3)
FNDA:0,(anonymous_4)
DA:7,0
DA:8,0
DA:9,0
DA:10,0
DA:12,0
DA:13,0
DA:14,0
DA:17,0
DA:18,0
DA:20,0
DA:21,0
DA:22,0
DA:24,0
DA:27,0
DA:31,0
DA:55,0
LF:16
LH:0
BRDA:18,0,0,0
BRDA:18,0,1,0
BRDA:21,1,0,0
BRDA:21,1,1,0
BRDA:34,2,0,0
BRDA:34,2,1,0
BRDA:35,3,0,0
BRDA:35,3,1,0
BRDA:38,4,0,0
BRDA:38,4,1,0
BRDA:42,5,0,0
BRDA:42,5,1,0
BRDA:50,6,0,0
BRDA:50,6,1,0
BRF:14
BRH:0
end_of_record
TN:
SF:src/components/Universe/PrivacyToggle.js
FN:7,(anonymous_0)
FN:9,(anonymous_1)
FN:10,(anonymous_2)
FN:11,(anonymous_3)
FN:18,(anonymous_4)
FNF:5
FNH:0
FNDA:0,(anonymous_0)
FNDA:0,(anonymous_1)
FNDA:0,(anonymous_2)
FNDA:0,(anonymous_3)
FNDA:0,(anonymous_4)
DA:7,0
DA:8,0
DA:9,0
DA:10,0
DA:11,0
DA:14,0
DA:15,0
DA:18,0
DA:19,0
DA:20,0
DA:27,0
DA:31,0
DA:57,0
LF:13
LH:0
BRDA:14,0,0,0
BRDA:14,0,1,0
BRDA:14,1,0,0
BRDA:14,1,1,0
BRDA:35,2,0,0
BRDA:35,2,1,0
BRDA:41,3,0,0
BRDA:41,3,1,0
BRDA:43,4,0,0
BRDA:43,4,1,0
BRDA:46,5,0,0
BRDA:46,5,1,0
BRDA:50,6,0,0
BRDA:50,6,1,0
BRF:14
BRH:0
end_of_record
TN:
SF:src/components/Universe/ShareUniverse.js
FN:15,(anonymous_0)
FN:20,(anonymous_1)
FN:26,(anonymous_2)
FN:27,(anonymous_3)
FN:35,(anonymous_4)
FN:39,(anonymous_5)
FN:47,(anonymous_6)
FN:49,(anonymous_7)
FN:57,(anonymous_8)
FN:60,(anonymous_9)
FN:77,(anonymous_10)
FN:90,(anonymous_11)
FN:105,(anonymous_12)
FN:111,(anonymous_13)
FN:115,(anonymous_14)
FN:145,(anonymous_15)
FN:149,(anonymous_16)
FNF:17
FNH:0
FNDA:0,(anonymous_0)
FNDA:0,(anonymous_1)
FNDA:0,(anonymous_2)
FNDA:0,(anonymous_3)
FNDA:0,(anonymous_4)
FNDA:0,(anonymous_5)
FNDA:0,(anonymous_6)
FNDA:0,(anonymous_7)
FNDA:0,(anonymous_8)
FNDA:0,(anonymous_9)
FNDA:0,(anonymous_10)
FNDA:0,(anonymous_11)
FNDA:0,(anonymous_12)
FNDA:0,(anonymous_13)
FNDA:0,(anonymous_14)
FNDA:0,(anonymous_15)
FNDA:0,(anonymous_16)
DA:15,0
DA:16,0
DA:17,0
DA:18,0
DA:19,0
DA:20,0
DA:26,0
DA:27,0
DA:28,0
DA:31,0
DA:32,0
DA:35,0
DA:37,0
DA:38,0
DA:39,0
DA:41,0
DA:42,0
DA:47,0
DA:49,0
DA:50,0
DA:51,0
DA:53,0
DA:57,0
DA:60,0
DA:61,0
DA:63,0
DA:64,0
DA:70,0
DA:71,0
DA:73,0
DA:77,0
DA:78,0
DA:79,0
DA:86,0
DA:90,0
DA:91,0
DA:92,0
DA:93,0
DA:96,0
DA:105,0
DA:112,0
DA:115,0
DA:146,0
DA:149,0
DA:166,0
LF:45
LH:0
BRDA:28,0,0,0
BRDA:28,0,1,0
BRDA:31,1,0,0
BRDA:31,1,1,0
BRDA:31,2,0,0
BRDA:31,2,1,0
BRDA:37,3,0,0
BRDA:37,3,1,0
BRDA:41,4,0,0
BRDA:41,4,1,0
BRDA:50,5,0,0
BRDA:50,5,1,0
BRDA:61,6,0,0
BRDA:61,6,1,0
BRDA:109,7,0,0
BRDA:109,7,1,0
BRDA:109,7,2,0
BRDA:122,8,0,0
BRDA:122,8,1,0
BRDA:122,8,2,0
BRDA:122,8,3,0
BRDA:127,9,0,0
BRDA:127,9,1,0
BRDA:143,10,0,0
BRDA:143,10,1,0
BRDA:147,11,0,0
BRDA:147,11,1,0
BRF:27
BRH:0
end_of_record
TN:
SF:src/components/Universe/UniverseCard.js
FN:7,(anonymous_0)
FNF:1
FNH:0
FNDA:0,(anonymous_0)
DA:7,0
DA:8,0
DA:39,0
LF:3
LH:0
BRDA:31,0,0,0
BRDA:31,0,1,0
BRF:2
BRH:0
end_of_record
TN:
SF:src/components/Universe/UniverseCard.jsx
FN:5,(anonymous_0)
FN:6,(anonymous_1)
FN:10,(anonymous_2)
FN:16,(anonymous_3)
FNF:4
FNH:0
FNDA:0,(anonymous_0)
FNDA:0,(anonymous_1)
FNDA:0,(anonymous_2)
FNDA:0,(anonymous_3)
DA:5,0
DA:6,0
DA:7,0
DA:10,0
DA:11,0
DA:12,0
DA:15,0
DA:16,0
DA:24,0
DA:51,0
LF:10
LH:0
BRDA:18,0,0,0
BRDA:18,0,1,0
BRDA:19,1,0,0
BRDA:19,1,1,0
BRDA:37,2,0,0
BRDA:37,2,1,0
BRF:6
BRH:0
end_of_record
TN:
SF:src/components/Universe/UniverseDetail.js
FN:14,(anonymous_0)
FN:18,(anonymous_1)
FN:22,(anonymous_2)
FN:40,(anonymous_3)
FN:44,(anonymous_4)
FN:81,(anonymous_5)
FN:89,(anonymous_6)
FN:97,(anonymous_7)
FN:105,(anonymous_8)
FN:113,(anonymous_9)
FNF:10
FNH:0
FNDA:0,(anonymous_0)
FNDA:0,(anonymous_1)
FNDA:0,(anonymous_2)
FNDA:0,(anonymous_3)
FNDA:0,(anonymous_4)
FNDA:0,(anonymous_5)
FNDA:0,(anonymous_6)
FNDA:0,(anonymous_7)
FNDA:0,(anonymous_8)
FNDA:0,(anonymous_9)
DA:14,0
DA:15,0
DA:16,0
DA:17,0
DA:18,0
DA:20,0
DA:22,0
DA:23,0
DA:24,0
DA:28,0
DA:29,0
DA:32,0
DA:33,0
DA:36,0
DA:37,0
DA:40,0
DA:41,0
DA:44,0
DA:45,0
DA:47,0
DA:62,0
DA:64,0
DA:66,0
DA:68,0
DA:70,0
DA:74,0
DA:81,0
DA:89,0
DA:97,0
DA:105,0
DA:113,0
LF:31
LH:0
BRDA:23,0,0,0
BRDA:23,0,1,0
BRDA:28,1,0,0
BRDA:28,1,1,0
BRDA:32,2,0,0
BRDA:32,2,1,0
BRDA:36,3,0,0
BRDA:36,3,1,0
BRDA:45,4,0,0
BRDA:45,4,1,0
BRDA:45,4,2,0
BRDA:45,4,3,0
BRDA:45,4,4,0
BRDA:45,4,5,0
BRDA:79,5,0,0
BRDA:79,5,1,0
BRDA:87,6,0,0
BRDA:87,6,1,0
BRDA:95,7,0,0
BRDA:95,7,1,0
BRDA:103,8,0,0
BRDA:103,8,1,0
BRDA:111,9,0,0
BRDA:111,9,1,0
BRF:24
BRH:0
end_of_record
TN:
SF:src/components/Universe/UniverseDetail.jsx
FN:15,(anonymous_0)
FN:19,(anonymous_1)
FN:23,(anonymous_2)
FN:29,(anonymous_3)
FN:38,(anonymous_4)
FN:47,(anonymous_5)
FN:60,(anonymous_6)
FN:122,(anonymous_7)
FN:128,(anonymous_8)
FN:134,(anonymous_9)
FN:140,(anonymous_10)
FNF:11
FNH:0
FNDA:0,(anonymous_0)
FNDA:0,(anonymous_1)
FNDA:0,(anonymous_2)
FNDA:0,(anonymous_3)
FNDA:0,(anonymous_4)
FNDA:0,(anonymous_5)
FNDA:0,(anonymous_6)
FNDA:0,(anonymous_7)
FNDA:0,(anonymous_8)
FNDA:0,(anonymous_9)
FNDA:0,(anonymous_10)
DA:15,0
DA:16,0
DA:17,0
DA:18,0
DA:19,0
DA:21,0
DA:23,0
DA:24,0
DA:25,0
DA:29,0
DA:30,0
DA:38,0
DA:39,0
DA:47,0
DA:48,0
DA:56,0
DA:57,0
DA:58,0
DA:60,0
DA:61,0
DA:63,0
DA:89,0
DA:97,0
DA:105,0
DA:113,0
DA:117,0
DA:122,0
DA:128,0
DA:134,0
DA:140,0
LF:30
LH:0
BRDA:24,0,0,0
BRDA:24,0,1,0
BRDA:56,1,0,0
BRDA:56,1,1,0
BRDA:57,2,0,0
BRDA:57,2,1,0
BRDA:58,3,0,0
BRDA:58,3,1,0
BRDA:61,4,0,0
BRDA:61,4,1,0
BRDA:61,4,2,0
BRDA:61,4,3,0
BRDA:61,4,4,0
BRDA:82,5,0,0
BRDA:82,5,1,0
BRDA:107,6,0,0
BRDA:107,6,1,0
BRDA:121,7,0,0
BRDA:121,7,1,0
BRDA:127,8,0,0
BRDA:127,8,1,0
BRDA:133,9,0,0
BRDA:133,9,1,0
BRDA:139,10,0,0
BRDA:139,10,1,0
BRF:25
BRH:0
end_of_record
TN:
SF:src/components/Universe/UniverseEditor.jsx
FN:9,(anonymous_0)
FNF:1
FNH:0
FNDA:0,(anonymous_0)
DA:9,0
DA:10,0
DA:12,0
LF:3
LH:0
BRF:0
BRH:0
end_of_record
TN:
SF:src/components/Universe/UniverseExport.js
FN:12,(anonymous_0)
FN:15,(anonymous_1)
FN:18,(anonymous_2)
FN:19,(anonymous_3)
FN:25,(anonymous_4)
FN:33,(anonymous_5)
FNF:6
FNH:0
FNDA:0,(anonymous_0)
FNDA:0,(anonymous_1)
FNDA:0,(anonymous_2)
FNDA:0,(anonymous_3)
FNDA:0,(anonymous_4)
FNDA:0,(anonymous_5)
DA:12,0
DA:13,0
DA:14,0
DA:15,0
DA:18,0
DA:19,0
DA:20,0
DA:21,0
DA:25,0
DA:26,0
DA:27,0
DA:29,0
DA:33,0
DA:34,0
DA:35,0
DA:36,0
DA:37,0
DA:38,0
DA:40,0
DA:45,0
LF:20
LH:0
BRDA:35,0,0,0
BRDA:35,0,1,0
BRDA:57,1,0,0
BRDA:57,1,1,0
BRDA:59,2,0,0
BRDA:59,2,1,0
BRDA:75,3,0,0
BRDA:75,3,1,0
BRDA:83,4,0,0
BRDA:83,4,1,0
BRF:10
BRH:0
end_of_record
TN:
SF:src/components/Universe/UniverseForm.jsx
FN:5,(anonymous_0)
FN:14,(anonymous_1)
FN:16,(anonymous_2)
FN:22,(anonymous_3)
FNF:4
FNH:0
FNDA:0,(anonymous_0)
FNDA:0,(anonymous_1)
FNDA:0,(anonymous_2)
FNDA:0,(anonymous_3)
DA:5,0
DA:6,0
DA:7,0
DA:14,0
DA:15,0
DA:16,0
DA:22,0
DA:23,0
DA:24,0
DA:25,0
DA:26,0
DA:30,0
LF:12
LH:0
BRDA:25,0,0,0
BRDA:25,0,1,0
BRF:2
BRH:0
end_of_record
TN:
SF:src/components/Universe/UniverseList.js
FN:14,(anonymous_0)
FN:16,(anonymous_1)
FN:19,(anonymous_2)
FN:23,(anonymous_3)
FN:44,(anonymous_4)
FN:52,(anonymous_5)
FN:58,(anonymous_6)
FNF:7
FNH:0
FNDA:0,(anonymous_0)
FNDA:0,(anonymous_1)
FNDA:0,(anonymous_2)
FNDA:0,(anonymous_3)
FNDA:0,(anonymous_4)
FNDA:0,(anonymous_5)
FNDA:0,(anonymous_6)
DA:14,0
DA:15,0
DA:16,0
DA:17,0
DA:19,0
DA:20,0
DA:23,0
DA:24,0
DA:25,0
DA:26,0
DA:28,0
DA:32,0
DA:33,0
DA:36,0
DA:37,0
DA:40,0
DA:44,0
DA:52,0
DA:59,0
LF:19
LH:0
BRDA:32,0,0,0
BRDA:32,0,1,0
BRDA:36,1,0,0
BRDA:36,1,1,0
BRDA:49,2,0,0
BRDA:49,2,1,0
BRDA:57,3,0,0
BRDA:57,3,1,0
BRDA:63,4,0,0
BRDA:63,4,1,0
BRDA:63,4,2,0
BRF:11
BRH:0
end_of_record
TN:
SF:src/components/Universe/UniverseList.jsx
FN:17,(anonymous_0)
FN:19,(anonymous_1)
FN:28,(anonymous_2)
FN:29,(anonymous_3)
FN:32,(anonymous_4)
FN:35,(anonymous_5)
FN:38,(anonymous_6)
FN:47,(anonymous_7)
FN:48,(anonymous_8)
FN:49,(anonymous_9)
FN:52,(anonymous_10)
FN:58,(anonymous_11)
FN:68,(anonymous_12)
FN:79,(anonymous_13)
FN:89,(anonymous_14)
FN:91,(anonymous_15)
FN:96,(anonymous_16)
FN:109,(anonymous_17)
FN:121,(anonymous_18)
FN:126,(anonymous_19)
FN:127,(anonymous_20)
FN:129,(anonymous_21)
FN:139,(anonymous_22)
FN:153,(anonymous_23)
FN:182,(anonymous_24)
FN:190,(anonymous_25)
FN:196,(anonymous_26)
FN:211,(anonymous_27)
FN:229,(anonymous_28)
FN:235,(anonymous_29)
FN:235,(anonymous_30)
FN:241,(anonymous_31)
FN:249,(anonymous_32)
FNF:33
FNH:0
FNDA:0,(anonymous_0)
FNDA:0,(anonymous_1)
FNDA:0,(anonymous_2)
FNDA:0,(anonymous_3)
FNDA:0,(anonymous_4)
FNDA:0,(anonymous_5)
FNDA:0,(anonymous_6)
FNDA:0,(anonymous_7)
FNDA:0,(anonymous_8)
FNDA:0,(anonymous_9)
FNDA:0,(anonymous_10)
FNDA:0,(anonymous_11)
FNDA:0,(anonymous_12)
FNDA:0,(anonymous_13)
FNDA:0,(anonymous_14)
FNDA:0,(anonymous_15)
FNDA:0,(anonymous_16)
FNDA:0,(anonymous_17)
FNDA:0,(anonymous_18)
FNDA:0,(anonymous_19)
FNDA:0,(anonymous_20)
FNDA:0,(anonymous_21)
[...]
FNDA:0,(anonymous_2)
FNDA:0,(anonymous_3)
DA:3,0
DA:5,0
DA:6,0
DA:7,0
DA:9,0
DA:16,0
DA:17,0
DA:21,0
DA:23,0
DA:31,0
DA:32,0
DA:36,0
DA:38,0
DA:45,0
DA:46,0
DA:52,0
DA:54,0
LF:17
LH:0
BRDA:10,0,0,0
BRDA:10,0,1,0
BRDA:24,1,0,0
BRDA:24,1,1,0
BRDA:39,2,0,0
BRDA:39,2,1,0
BRDA:44,3,0,0
BRDA:55,4,0,0
BRDA:55,4,1,0
BRF:9
BRH:0
end_of_record
TN:
SF:src/services/notificationService.js
FN:4,(anonymous_0)
FN:9,(anonymous_1)
FN:14,(anonymous_2)
FN:19,(anonymous_3)
FN:24,(anonymous_4)
FNF:5
FNH:0
FNDA:0,(anonymous_0)
FNDA:0,(anonymous_1)
FNDA:0,(anonymous_2)
FNDA:0,(anonymous_3)
FNDA:0,(anonymous_4)
DA:3,1
DA:5,0
DA:6,0
DA:10,0
DA:11,0
DA:15,0
DA:16,0
DA:20,0
DA:21,0
DA:25,0
DA:26,0
LF:11
LH:1
BRF:0
BRH:0
end_of_record
TN:
SF:src/services/physicsService.js
FN:6,(anonymous_0)
FN:18,(anonymous_1)
FN:31,(anonymous_2)
FN:43,(anonymous_3)
FN:56,(anonymous_4)
FN:68,(anonymous_5)
FN:81,(anonymous_6)
FN:94,(anonymous_7)
FNF:8
FNH:0
FNDA:0,(anonymous_0)
FNDA:0,(anonymous_1)
FNDA:0,(anonymous_2)
FNDA:0,(anonymous_3)
FNDA:0,(anonymous_4)
FNDA:0,(anonymous_5)
FNDA:0,(anonymous_6)
FNDA:0,(anonymous_7)
DA:3,0
DA:5,0
DA:7,0
DA:8,0
DA:11,0
DA:13,0
DA:14,0
DA:19,0
DA:20,0
DA:24,0
DA:26,0
DA:27,0
DA:32,0
DA:33,0
DA:36,0
DA:38,0
DA:39,0
DA:44,0
DA:45,0
DA:49,0
DA:51,0
DA:52,0
DA:57,0
DA:58,0
DA:61,0
DA:63,0
DA:64,0
DA:69,0
DA:70,0
DA:74,0
DA:76,0
DA:77,0
DA:82,0
DA:83,0
DA:87,0
DA:89,0
DA:90,0
DA:95,0
DA:96,0
DA:100,0
DA:101,0
LF:41
LH:0
BRDA:3,0,0,0
BRDA:3,0,1,0
BRF:2
BRH:0
end_of_record
TN:
SF:src/services/storyboardService.js
FN:4,(anonymous_0)
FN:27,(anonymous_1)
FN:41,(anonymous_2)
FN:55,(anonymous_3)
FN:68,(anonymous_4)
FN:81,(anonymous_5)
FNF:6
FNH:0
FNDA:0,(anonymous_0)
FNDA:0,(anonymous_1)
FNDA:0,(anonymous_2)
FNDA:0,(anonymous_3)
FNDA:0,(anonymous_4)
FNDA:0,(anonymous_5)
DA:3,0
DA:5,0
DA:6,0
DA:7,0
DA:19,0
DA:21,0
DA:28,0
DA:29,0
DA:33,0
DA:35,0
DA:42,0
DA:43,0
DA:47,0
DA:49,0
DA:56,0
DA:57,0
DA:61,0
DA:69,0
DA:70,0
DA:73,0
DA:75,0
DA:82,0
DA:83,0
DA:90,0
DA:92,0
LF:25
LH:0
BRDA:22,0,0,0
BRDA:22,0,1,0
BRDA:36,1,0,0
BRDA:36,1,1,0
BRDA:50,2,0,0
BRDA:50,2,1,0
BRDA:62,3,0,0
BRDA:62,3,1,0
BRDA:76,4,0,0
BRDA:76,4,1,0
BRDA:81,5,0,0
BRDA:93,6,0,0
BRDA:93,6,1,0
BRF:13
BRH:0
end_of_record
TN:
SF:src/services/templateService.js
FN:4,(anonymous_0)
FN:10,(anonymous_1)
FN:15,(anonymous_2)
FN:20,(anonymous_3)
FN:25,(anonymous_4)
FN:30,(anonymous_5)
FN:35,(anonymous_6)
FNF:7
FNH:0
FNDA:0,(anonymous_0)
FNDA:0,(anonymous_1)
FNDA:0,(anonymous_2)
FNDA:0,(anonymous_3)
FNDA:0,(anonymous_4)
FNDA:0,(anonymous_5)
FNDA:0,(anonymous_6)
DA:3,0
DA:5,0
DA:6,0
DA:7,0
DA:11,0
DA:12,0
DA:16,0
DA:17,0
DA:21,0
DA:22,0
DA:26,0
DA:27,0
DA:31,0
DA:32,0
DA:36,0
DA:40,0
LF:16
LH:0
BRDA:4,0,0,0
BRDA:5,1,0,0
BRDA:5,1,1,0
BRF:3
BRH:0
end_of_record
TN:
SF:src/services/universeService.js
FN:4,(anonymous_0)
FN:9,(anonymous_1)
FN:14,(anonymous_2)
FN:19,(anonymous_3)
FN:24,(anonymous_4)
FN:28,(anonymous_5)
FN:35,(anonymous_6)
FN:42,(anonymous_7)
FNF:8
FNH:0
FNDA:0,(anonymous_0)
FNDA:0,(anonymous_1)
FNDA:0,(anonymous_2)
FNDA:0,(anonymous_3)
FNDA:0,(anonymous_4)
FNDA:0,(anonymous_5)
FNDA:0,(anonymous_6)
FNDA:0,(anonymous_7)
DA:3,2
DA:5,0
DA:6,0
DA:10,0
DA:11,0
DA:15,0
DA:16,0
DA:20,0
DA:21,0
DA:25,0
DA:29,0
DA:32,0
DA:36,0
DA:39,0
DA:43,0
DA:46,0
LF:16
LH:1
BRF:0
BRH:0
end_of_record
TN:
SF:src/services/userService.js
FN:4,(anonymous_0)
FN:11,(anonymous_1)
FNF:2
FNH:0
FNDA:0,(anonymous_0)
FNDA:0,(anonymous_1)
DA:3,0
DA:5,0
DA:8,0
DA:12,0
DA:13,0
LF:5
LH:0
BRF:0
BRH:0
end_of_record
TN:
SF:src/services/websocket.js
FN:12,(anonymous_0)
FN:20,(anonymous_1)
FN:25,(anonymous_2)
FN:34,(anonymous_3)
FN:53,(anonymous_4)
FN:71,(anonymous_5)
FN:103,(anonymous_6)
FN:108,(anonymous_7)
FN:112,(anonymous_8)
FN:116,(anonymous_9)
FN:123,(anonymous_10)
FN:132,(anonymous_11)
FN:133,(anonymous_12)
FN:143,(anonymous_13)
FN:151,(anonymous_14)
FN:157,(anonymous_15)
FN:162,(anonymous_16)
FN:173,(anonymous_17)
FN:176,(anonymous_18)
FN:190,(anonymous_19)
FN:205,(anonymous_20)
FN:210,(anonymous_21)
FN:213,(anonymous_22)
FN:216,(anonymous_23)
FN:222,(anonymous_24)
FN:231,(anonymous_25)
FN:239,(anonymous_26)
FN:248,(anonymous_27)
FN:257,(anonymous_28)
FN:265,(anonymous_29)
FN:266,(anonymous_30)
FN:274,(anonymous_31)
FN:289,(anonymous_32)
FN:293,(anonymous_33)
FN:297,(anonymous_34)
FN:307,(anonymous_35)
FN:309,(anonymous_36)
FN:313,(anonymous_37)
FN:319,(anonymous_38)
FN:326,(anonymous_39)
FN:333,(anonymous_40)
FN:352,(anonymous_41)
FN:356,(anonymous_42)
FNF:43
FNH:2
FNDA:1,(anonymous_0)
FNDA:0,(anonymous_1)
FNDA:0,(anonymous_2)
FNDA:0,(anonymous_3)
FNDA:1,(anonymous_4)
FNDA:0,(anonymous_5)
FNDA:0,(anonymous_6)
FNDA:0,(anonymous_7)
FNDA:0,(anonymous_8)
FNDA:0,(anonymous_9)
FNDA:0,(anonymous_10)
FNDA:0,(anonymous_11)
FNDA:0,(anonymous_12)
FNDA:0,(anonymous_13)
FNDA:0,(anonymous_14)
FNDA:0,(anonymous_15)
FNDA:0,(anonymous_16)
FNDA:0,(anonymous_17)
FNDA:0,(anonymous_18)
FNDA:0,(anonymous_19)
FNDA:0,(anonymous_20)
FNDA:0,(anonymous_21)
FNDA:0,(anonymous_22)
FNDA:0,(anonymous_23)
FNDA:0,(anonymous_24)
FNDA:0,(anonymous_25)
FNDA:0,(anonymous_26)
FNDA:0,(anonymous_27)
FNDA:0,(anonymous_28)
FNDA:0,(anonymous_29)
FNDA:0,(anonymous_30)
FNDA:0,(anonymous_31)
FNDA:0,(anonymous_32)
FNDA:0,(anonymous_33)
FNDA:0,(anonymous_34)
FNDA:0,(anonymous_35)
FNDA:0,(anonymous_36)
FNDA:0,(anonymous_37)
FNDA:0,(anonymous_38)
FNDA:0,(anonymous_39)
FNDA:0,(anonymous_40)
FNDA:0,(anonymous_41)
FNDA:0,(anonymous_42)
DA:5,1
DA:13,1
DA:14,1
DA:15,1
DA:16,1
DA:17,1
DA:21,0
DA:22,0
DA:26,0
DA:27,0
DA:29,0
DA:30,0
DA:35,0
DA:36,0
DA:39,0
DA:40,0
DA:41,0
DA:42,0
DA:43,0
DA:45,0
DA:48,0
DA:54,1
DA:55,1
DA:56,1
DA:57,1
DA:58,1
DA:59,1
DA:60,1
DA:61,1
DA:62,1
DA:63,1
DA:64,1
DA:65,1
DA:66,1
DA:67,1
DA:68,1
DA:72,0
DA:73,0
DA:74,0
DA:77,0
DA:78,0
DA:81,0
DA:82,0
DA:92,0
DA:93,0
DA:94,0
DA:96,0
DA:97,0
DA:98,0
DA:99,0
DA:104,0
DA:105,0
DA:108,0
DA:109,0
DA:111,0
DA:113,0
DA:114,0
DA:117,0
DA:118,0
DA:124,0
DA:125,0
DA:126,0
DA:127,0
DA:128,0
DA:133,0
DA:134,0
DA:135,0
DA:136,0
DA:137,0
DA:138,0
DA:139,0
DA:140,0
DA:143,0
DA:144,0
DA:145,0
DA:146,0
DA:149,0
DA:151,0
DA:152,0
DA:153,0
DA:154,0
DA:157,0
DA:158,0
DA:159,0
DA:162,0
DA:163,0
DA:164,0
DA:165,0
DA:168,0
DA:169,0
DA:170,0
DA:174,0
DA:175,0
DA:176,0
DA:177,0
DA:178,0
DA:179,0
DA:182,0
DA:184,0
DA:185,0
DA:186,0
DA:191,0
DA:192,0
DA:193,0
DA:194,0
DA:196,0
DA:197,0
DA:198,0
DA:200,0
DA:206,0
DA:207,0
DA:211,0
DA:213,0
DA:216,0
DA:217,0
DA:219,0
DA:223,0
DA:225,0
DA:226,0
DA:227,0
DA:232,0
DA:233,0
DA:235,0
DA:236,0
DA:240,0
DA:241,0
DA:242,0
DA:243,0
DA:244,0
DA:249,0
DA:250,0
DA:251,0
DA:253,0
DA:254,0
DA:258,0
DA:259,0
DA:261,0
DA:262,0
DA:266,0
DA:267,0
DA:268,0
DA:269,0
DA:273,0
DA:274,0
DA:275,0
DA:278,0
DA:280,0
DA:281,0
DA:282,0
DA:284,0
DA:290,0
DA:292,0
DA:293,0
DA:298,0
DA:299,0
DA:302,0
DA:303,0
DA:305,0
DA:306,0
DA:307,0
DA:309,0
DA:312,0
DA:313,0
DA:315,0
DA:320,0
DA:321,0
DA:322,0
DA:327,0
DA:328,0
DA:329,0
DA:334,0
DA:335,0
DA:336,0
DA:337,0
DA:339,0
DA:340,0
DA:341,0
DA:342,0
DA:343,0
DA:344,0
DA:345,0
DA:346,0
DA:347,0
DA:353,0
DA:354,0
DA:355,0
DA:356,0
DA:358,0
DA:363,1
LF:189
LH:22
BRDA:12,0,0,1
BRDA:12,1,0,1
BRDA:29,2,0,0
BRDA:29,2,1,0
BRDA:35,3,0,0
BRDA:35,3,1,0
BRDA:39,4,0,0
BRDA:39,4,1,0
BRDA:41,5,0,0
BRDA:41,5,1,0
BRDA:71,6,0,0
BRDA:72,7,0,0
BRDA:72,7,1,0
BRDA:77,8,0,0
BRDA:77,8,1,0
BRDA:104,9,0,0
BRDA:104,9,1,0
BRDA:109,10,0,0
BRDA:109,10,1,0
BRDA:124,11,0,0
BRDA:124,11,1,0
BRDA:125,12,0,0
BRDA:125,12,1,0
BRDA:178,13,0,0
BRDA:178,13,1,0
BRDA:192,14,0,0
BRDA:192,14,1,0
BRDA:196,15,0,0
BRDA:196,15,1,0
BRDA:211,16,0,0
BRDA:211,16,1,0
BRDA:226,17,0,0
BRDA:226,17,1,0
BRDA:242,18,0,0
BRDA:242,18,1,0
BRDA:250,19,0,0
BRDA:250,19,1,0
BRDA:258,20,0,0
BRDA:258,20,1,0
BRDA:267,21,0,0
BRDA:267,21,1,0
BRDA:292,22,0,0
BRDA:292,22,1,0
BRDA:298,23,0,0
BRDA:298,23,1,0
BRDA:298,24,0,0
BRDA:298,24,1,0
BRDA:312,25,0,0
BRDA:312,25,1,0
BRDA:321,26,0,0
BRDA:321,26,1,0
BRDA:328,27,0,0
BRDA:328,27,1,0
BRDA:334,28,0,0
BRDA:334,28,1,0
BRDA:335,29,0,0
BRDA:335,29,1,0
BRDA:345,30,0,0
BRDA:345,30,1,0
BRDA:353,31,0,0
BRDA:353,31,1,0
BRF:61
BRH:2
end_of_record
TN:
SF:src/store/actions/websocket.js
FN:12,(anonymous_0)
FN:17,(anonymous_1)
FN:22,(anonymous_2)
FN:27,(anonymous_3)
FN:32,(anonymous_4)
FN:37,(anonymous_5)
FN:42,(anonymous_6)
FN:47,(anonymous_7)
FNF:8
FNH:0
FNDA:0,(anonymous_0)
FNDA:0,(anonymous_1)
FNDA:0,(anonymous_2)
FNDA:0,(anonymous_3)
FNDA:0,(anonymous_4)
FNDA:0,(anonymous_5)
FNDA:0,(anonymous_6)
FNDA:0,(anonymous_7)
DA:2,1
DA:3,1
DA:4,1
DA:5,1
DA:6,1
DA:7,1
DA:8,1
DA:9,1
DA:12,1
DA:17,1
DA:22,1
DA:27,1
DA:32,1
DA:37,1
DA:42,1
DA:47,1
LF:16
LH:16
BRF:0
BRH:0
end_of_record
TN:
SF:src/store/reducers/websocket.js
FN:42,(anonymous_0)
FNF:1
FNH:0
FNDA:0,(anonymous_0)
DA:12,0
DA:42,0
DA:43,0
DA:45,0
DA:52,0
DA:59,0
DA:65,0
DA:85,0
DA:95,0
DA:96,0
DA:102,0
DA:108,0
DA:114,0
LF:13
LH:0
BRDA:42,0,0,0
BRDA:43,1,0,0
BRDA:43,1,1,0
BRDA:43,1,2,0
BRDA:43,1,3,0
BRDA:43,1,4,0
BRDA:43,1,5,0
BRDA:43,1,6,0
BRDA:43,1,7,0
BRDA:43,1,8,0
BRDA:71,2,0,0
BRDA:71,2,1,0
BRDA:75,3,0,0
BRDA:75,3,1,0
BRDA:79,4,0,0
BRDA:79,4,1,0
BRF:16
BRH:0
end_of_record
TN:
SF:src/utils/colorUtils.js
FN:1,(anonymous_0)
FN:5,(anonymous_1)
FN:12,(anonymous_2)
FNF:3
FNH:0
FNDA:0,(anonymous_0)
FNDA:0,(anonymous_1)
FNDA:0,(anonymous_2)
DA:1,0
DA:2,0
DA:5,0
DA:9,0
DA:12,0
DA:13,0
LF:6
LH:0
BRDA:7,0,0,0
BRDA:7,1,0,0
BRDA:7,2,0,0
BRDA:7,3,0,0
BRF:4
BRH:0
end_of_record
TN:
SF:src/utils/debounceUtils.js
FN:1,(anonymous_0)
FN:4,executedFunction
FN:5,(anonymous_2)
FN:15,(anonymous_3)
FN:20,executedFunction
FN:27,(anonymous_5)
FN:37,(anonymous_6)
FN:41,executedFunction
FN:45,(anonymous_8)
FN:54,(anonymous_9)
FN:57,(anonymous_10)
FN:58,(anonymous_11)
FN:62,(anonymous_12)
FNF:13
FNH:0
FNDA:0,(anonymous_0)
FNDA:0,executedFunction
FNDA:0,(anonymous_2)
FNDA:0,(anonymous_3)
FNDA:0,executedFunction
FNDA:0,(anonymous_5)
FNDA:0,(anonymous_6)
FNDA:0,executedFunction
FNDA:0,(anonymous_8)
FNDA:0,(anonymous_9)
FNDA:0,(anonymous_10)
FNDA:0,(anonymous_11)
FNDA:0,(anonymous_12)
DA:1,0
DA:4,0
DA:5,0
DA:6,0
DA:7,0
DA:10,0
DA:11,0
DA:15,0
DA:20,0
DA:21,0
DA:22,0
DA:23,0
DA:24,0
DA:26,0
DA:27,0
DA:28,0
DA:29,0
DA:30,0
DA:37,0
DA:38,0
DA:39,0
DA:41,0
DA:42,0
DA:44,0
DA:45,0
DA:46,0
DA:47,0
DA:49,0
DA:54,0
DA:55,0
DA:57,0
DA:58,0
DA:59,0
DA:62,0
DA:63,0
DA:67,0
LF:36
LH:0
BRDA:1,0,0,0
BRDA:15,1,0,0
BRDA:21,2,0,0
BRDA:21,2,1,0
BRDA:28,3,0,0
BRDA:28,3,1,0
BRDA:44,4,0,0
BRDA:44,4,1,0
BRDA:54,5,0,0
BRF:9
BRH:0
end_of_record
TN:
SF:src/utils/errorHandling.js
FN:8,(anonymous_0)
FN:61,(anonymous_1)
FN:67,(anonymous_2)
FN:73,(anonymous_3)
FN:79,(anonymous_4)
FN:91,(anonymous_5)
FNF:6
FNH:0
FNDA:0,(anonymous_0)
FNDA:0,(anonymous_1)
FNDA:0,(anonymous_2)
FNDA:0,(anonymous_3)
FNDA:0,(anonymous_4)
FNDA:0,(anonymous_5)
DA:8,0
DA:9,0
DA:10,0
DA:14,0
DA:15,0
DA:18,0
DA:20,0
DA:22,0
DA:24,0
DA:26,0
DA:28,0
DA:30,0
DA:32,0
DA:34,0
DA:39,0
DA:40,0
DA:44,0
DA:45,0
DA:49,0
DA:50,0
DA:53,0
DA:61,0
DA:68,0
DA:69,0
DA:74,0
DA:75,0
DA:80,0
DA:81,0
DA:91,0
DA:92,0
DA:94,0
DA:95,0
DA:97,0
DA:99,0
DA:100,0
DA:103,0
DA:105,0
DA:106,0
DA:109,0
LF:39
LH:0
BRDA:9,0,0,0
BRDA:9,0,1,0
BRDA:14,1,0,0
BRDA:14,1,1,0
BRDA:18,2,0,0
BRDA:18,2,1,0
BRDA:18,2,2,0
BRDA:18,2,3,0
BRDA:18,2,4,0
BRDA:18,2,5,0
BRDA:18,2,6,0
BRDA:18,2,7,0
BRDA:20,3,0,0
BRDA:20,3,1,0
BRDA:28,4,0,0
BRDA:28,4,1,0
BRDA:34,5,0,0
BRDA:34,5,1,0
BRDA:39,6,0,0
BRDA:39,6,1,0
BRDA:44,7,0,0
BRDA:44,7,1,0
BRDA:49,8,0,0
BRDA:49,8,1,0
BRDA:91,9,0,0
BRDA:92,10,0,0
BRDA:92,11,0,0
BRDA:99,12,0,0
BRDA:99,12,1,0
BRDA:105,13,0,0
BRDA:105,13,1,0
BRF:31
BRH:0
end_of_record
TN:
SF:src/utils/exportUtils.js
FN:1,(anonymous_0)
FN:6,(anonymous_1)
FN:26,(anonymous_2)
FN:30,(anonymous_3)
FN:51,(anonymous_4)
FN:60,(anonymous_5)
FN:73,(anonymous_6)
FN:74,(anonymous_7)
FN:76,(anonymous_8)
FN:86,(anonymous_9)
FNF:10
FNH:0
FNDA:0,(anonymous_0)
FNDA:0,(anonymous_1)
FNDA:0,(anonymous_2)
FNDA:0,(anonymous_3)
FNDA:0,(anonymous_4)
FNDA:0,(anonymous_5)
FNDA:0,(anonymous_6)
FNDA:0,(anonymous_7)
FNDA:0,(anonymous_8)
FNDA:0,(anonymous_9)
DA:1,0
DA:2,0
DA:6,0
DA:13,0
DA:16,0
DA:17,0
DA:18,0
DA:19,0
DA:20,0
DA:21,0
DA:22,0
DA:23,0
DA:26,0
DA:27,0
DA:28,0
DA:30,0
DA:31,0
DA:32,0
DA:33,0
DA:36,0
DA:37,0
DA:40,0
DA:41,0
DA:42,0
DA:43,0
DA:44,0
DA:45,0
DA:46,0
DA:47,0
DA:48,0
DA:51,0
DA:52,0
DA:53,0
DA:56,0
DA:57,0
DA:60,0
DA:61,0
DA:66,0
DA:70,0
DA:73,0
DA:74,0
DA:75,0
DA:76,0
DA:77,0
DA:78,0
DA:79,0
DA:80,0
DA:83,0
DA:86,0
DA:87,0
LF:50
LH:0
BRDA:52,0,0,0
BRDA:52,0,1,0
BRDA:52,1,0,0
BRDA:52,1,1,0
BRDA:56,2,0,0
BRDA:56,2,1,0
BRDA:56,3,0,0
BRDA:56,3,1,0
BRDA:56,3,2,0
BRDA:61,4,0,0
BRDA:61,4,1,0
BRDA:62,5,0,0
BRDA:62,5,1,0
BRDA:62,5,2,0
BRDA:79,6,0,0
BRDA:79,6,1,0
BRF:16
BRH:0
end_of_record
TN:
SF:src/utils/formValidation.js
FN:1,(anonymous_0)
FN:28,(anonymous_1)
FN:30,(anonymous_2)
FNF:3
FNH:0
FNDA:0,(anonymous_0)
FNDA:0,(anonymous_1)
FNDA:0,(anonymous_2)
DA:1,0
DA:2,0
DA:4,0
DA:5,0
DA:8,0
DA:9,0
DA:12,0
DA:13,0
DA:16,0
DA:17,0
DA:20,0
DA:21,0
DA:22,0
DA:25,0
DA:28,0
DA:29,0
DA:30,0
DA:31,0
DA:32,0
DA:33,0
DA:36,0
LF:21
LH:0
BRDA:4,0,0,0
BRDA:4,0,1,0
BRDA:4,1,0,0
BRDA:4,1,1,0
BRDA:8,2,0,0
BRDA:8,2,1,0
BRDA:8,3,0,0
BRDA:8,3,1,0
BRDA:12,4,0,0
BRDA:12,4,1,0
BRDA:12,5,0,0
BRDA:12,5,1,0
BRDA:16,6,0,0
BRDA:16,6,1,0
BRDA:16,7,0,0
BRDA:16,7,1,0
BRDA:17,8,0,0
BRDA:17,8,1,0
BRDA:20,9,0,0
BRDA:20,9,1,0
BRDA:22,10,0,0
BRDA:22,10,1,0
BRDA:32,11,0,0
BRDA:32,11,1,0
BRF:24
BRH:0
end_of_record
TN:
SF:src/utils/keyboardUtils.js
FN:13,(anonymous_0)
FN:24,(anonymous_1)
FN:32,(anonymous_2)
FN:32,(anonymous_3)
FN:42,(anonymous_4)
FN:50,(anonymous_5)
FNF:6
FNH:0
FNDA:0,(anonymous_0)
FNDA:0,(anonymous_1)
FNDA:0,(anonymous_2)
FNDA:0,(anonymous_3)
FNDA:0,(anonymous_4)
FNDA:0,(anonymous_5)
DA:1,0
DA:13,0
DA:14,0
DA:17,0
DA:18,0
DA:19,0
DA:21,0
DA:24,0
DA:25,0
DA:26,0
DA:32,0
DA:34,0
DA:39,0
DA:42,0
DA:43,0
DA:44,0
DA:45,0
DA:50,0
DA:51,0
DA:52,0
DA:54,0
DA:68,0
DA:70,0
LF:23
LH:0
BRDA:14,0,0,0
BRDA:14,0,1,0
BRDA:18,1,0,0
BRDA:18,1,1,0
BRDA:19,2,0,0
BRDA:19,2,1,0
BRDA:27,3,0,0
BRDA:27,3,1,0
BRDA:34,4,0,0
BRDA:34,4,1,0
BRDA:35,5,0,0
BRDA:35,5,1,0
BRDA:35,5,2,0
BRDA:43,6,0,0
BRDA:43,6,1,0
BRDA:54,7,0,0
BRDA:54,7,1,0
BRDA:55,8,0,0
BRDA:55,8,1,0
BRDA:68,9,0,0
BRDA:68,9,1,0
BRDA:70,10,0,0
BRDA:70,10,1,0
BRF:23
BRH:0
end_of_record
TN:
SF:src/utils/memoUtils.js
FN:1,(anonymous_0)
FN:4,(anonymous_1)
FN:15,(anonymous_2)
FN:18,(anonymous_3)
FN:33,(anonymous_4)
FN:39,(anonymous_5)
FN:40,(anonymous_6)
FN:45,(anonymous_7)
FN:56,(anonymous_8)
FNF:9
FNH:0
FNDA:0,(anonymous_0)
FNDA:0,(anonymous_1)
FNDA:0,(anonymous_2)
FNDA:0,(anonymous_3)
FNDA:0,(anonymous_4)
FNDA:0,(anonymous_5)
FNDA:0,(anonymous_6)
FNDA:0,(anonymous_7)
FNDA:0,(anonymous_8)
DA:1,0
DA:2,0
DA:4,0
DA:5,0
DA:6,0
DA:7,0
DA:9,0
DA:10,0
DA:11,0
DA:15,0
DA:16,0
DA:18,0
DA:19,0
DA:20,0
DA:21,0
DA:23,0
DA:24,0
DA:27,0
DA:28,0
DA:29,0
DA:33,0
DA:34,0
DA:35,0
DA:36,0
DA:37,0
DA:39,0
DA:40,0
DA:42,0
DA:45,0
DA:47,0
DA:50,0
DA:51,0
DA:52,0
DA:56,0
DA:57,0
DA:58,0
DA:61,0
DA:67,0
DA:70,0
DA:71,0
DA:73,0
DA:74,0
DA:77,0
DA:78,0
DA:82,0
DA:86,0
LF:46
LH:0
BRDA:6,0,0,0
BRDA:6,0,1,0
BRDA:15,1,0,0
BRDA:23,2,0,0
BRDA:23,2,1,0
BRDA:23,3,0,0
BRDA:23,3,1,0
BRDA:42,4,0,0
BRDA:42,4,1,0
BRDA:43,5,0,0
BRDA:43,5,1,0
BRDA:43,5,2,0
BRDA:57,6,0,0
BRDA:57,6,1,0
BRDA:61,7,0,0
BRDA:61,7,1,0
BRDA:62,8,0,0
BRDA:62,8,1,0
BRDA:62,8,2,0
BRDA:62,8,3,0
BRDA:73,9,0,0
BRDA:73,9,1,0
BRDA:78,10,0,0
BRDA:78,10,1,0
BRDA:79,11,0,0
BRDA:79,11,1,0
BRF:26
BRH:0
end_of_record
TN:
SF:src/utils/storage.js
FN:7,(anonymous_0)
FN:17,(anonymous_1)
FN:27,(anonymous_2)
FN:37,(anonymous_3)
FN:41,(anonymous_4)
FN:48,(anonymous_5)
FN:52,(anonymous_6)
FN:59,(anonymous_7)
FNF:8
FNH:0
FNDA:0,(anonymous_0)
FNDA:0,(anonymous_1)
FNDA:0,(anonymous_2)
FNDA:0,(anonymous_3)
FNDA:0,(anonymous_4)
FNDA:0,(anonymous_5)
FNDA:0,(anonymous_6)
FNDA:0,(anonymous_7)
DA:1,0
DA:6,0
DA:8,0
DA:9,0
DA:10,0
DA:12,0
DA:13,0
DA:18,0
DA:19,0
DA:20,0
DA:22,0
DA:23,0
DA:28,0
DA:29,0
DA:30,0
DA:32,0
DA:33,0
DA:38,0
DA:42,0
DA:49,0
DA:53,0
DA:60,0
DA:64,0
LF:23
LH:0
BRDA:10,0,0,0
BRDA:10,0,1,0
BRF:2
BRH:0
end_of_record
TN:
SF:src/utils/testHelpers.js
FN:1,(anonymous_0)
FN:8,(anonymous_1)
FNF:2
FNH:0
FNDA:0,(anonymous_0)
FNDA:0,(anonymous_1)
DA:1,0
DA:2,0
DA:3,0
DA:4,0
DA:5,0
DA:8,0
DA:9,0
DA:10,0
DA:11,0
LF:9
LH:0
BRF:0
BRH:0
end_of_record
TN:
SF:src/utils/validation.js
FN:3,(anonymous_0)
FN:7,(anonymous_1)
FN:11,(anonymous_2)
FN:11,(anonymous_3)
FN:15,(anonymous_4)
FN:15,(anonymous_5)
FN:19,(anonymous_6)
FN:23,(anonymous_7)
FN:23,(anonymous_8)
FN:27,(anonymous_9)
FN:27,(anonymous_10)
FN:31,(anonymous_11)
FN:36,(anonymous_12)
FN:44,(anonymous_13)
FN:56,(anonymous_14)
FN:60,(anonymous_15)
FN:122,(anonymous_16)
FN:132,(anonymous_17)
FN:162,(anonymous_18)
FN:197,(anonymous_19)
FN:221,(anonymous_20)
FNF:21
FNH:0
FNDA:0,(anonymous_0)
FNDA:0,(anonymous_1)
FNDA:0,(anonymous_2)
FNDA:0,(anonymous_3)
FNDA:0,(anonymous_4)
FNDA:0,(anonymous_5)
FNDA:0,(anonymous_6)
FNDA:0,(anonymous_7)
FNDA:0,(anonymous_8)
FNDA:0,(anonymous_9)
FNDA:0,(anonymous_10)
FNDA:0,(anonymous_11)
FNDA:0,(anonymous_12)
FNDA:0,(anonymous_13)
FNDA:0,(anonymous_14)
FNDA:0,(anonymous_15)
FNDA:0,(anonymous_16)
FNDA:0,(anonymous_17)
FNDA:0,(anonymous_18)
FNDA:0,(anonymous_19)
FNDA:0,(anonymous_20)
DA:2,0
DA:3,0
DA:7,0
DA:11,0
DA:15,0
DA:19,0
DA:23,0
DA:27,0
DA:31,0
DA:36,0
DA:44,0
DA:45,0
DA:46,0
DA:47,0
DA:48,0
DA:49,0
DA:52,0
DA:56,0
DA:57,0
DA:58,0
DA:60,0
DA:61,0
DA:62,0
DA:63,0
DA:64,0
DA:65,0
DA:69,0
DA:73,0
DA:78,0
DA:85,0
DA:122,0
DA:123,0
DA:124,0
DA:132,0
DA:133,0
DA:135,0
DA:136,0
DA:139,0
DA:140,0
DA:143,0
DA:144,0
DA:147,0
DA:148,0
DA:151,0
DA:162,0
DA:163,0
DA:165,0
DA:166,0
DA:167,0
DA:168,0
DA:171,0
DA:172,0
DA:174,0
DA:175,0
DA:176,0
DA:180,0
DA:181,0
DA:182,0
DA:183,0
DA:186,0
DA:197,0
DA:198,0
DA:200,0
DA:201,0
DA:202,0
DA:203,0
DA:206,0
DA:207,0
DA:210,0
DA:221,0
DA:222,0
DA:224,0
DA:225,0
DA:226,0
DA:227,0
DA:230,0
DA:231,0
DA:232,0
DA:233,0
DA:236,0
LF:80
LH:0
BRDA:4,0,0,0
BRDA:4,0,1,0
BRDA:4,0,2,0
BRDA:20,1,0,0
BRDA:20,1,1,0
BRDA:24,2,0,0
BRDA:24,2,1,0
BRDA:46,3,0,0
BRDA:46,3,1,0
BRDA:48,4,0,0
BRDA:48,4,1,0
BRDA:63,5,0,0
BRDA:63,5,1,0
BRDA:135,6,0,0
BRDA:135,6,1,0
BRDA:135,7,0,0
BRDA:135,7,1,0
BRDA:139,8,0,0
BRDA:139,8,1,0
BRDA:143,9,0,0
BRDA:143,9,1,0
BRDA:147,10,0,0
BRDA:147,10,1,0
BRDA:165,11,0,0
BRDA:165,11,1,0
BRDA:167,12,0,0
BRDA:167,12,1,0
BRDA:171,13,0,0
BRDA:171,13,1,0
BRDA:175,14,0,0
BRDA:175,14,1,0
BRDA:180,15,0,0
BRDA:180,15,1,0
BRDA:182,16,0,0
BRDA:182,16,1,0
BRDA:200,17,0,0
BRDA:200,17,1,0
BRDA:202,18,0,0
BRDA:202,18,1,0
BRDA:206,19,0,0
BRDA:206,19,1,0
BRDA:224,20,0,0
BRDA:224,20,1,0
BRDA:226,21,0,0
BRDA:226,21,1,0
BRDA:230,22,0,0
BRDA:230,22,1,0
BRDA:232,23,0,0
BRDA:232,23,1,0
BRF:49
BRH:0
end_of_record
TN:
SF:src/utils/validations.js
FN:1,(anonymous_0)
FN:6,(anonymous_1)
FN:33,(anonymous_2)
FN:36,(anonymous_3)
FNF:4
FNH:0
FNDA:0,(anonymous_0)
FNDA:0,(anonymous_1)
FNDA:0,(anonymous_2)
FNDA:0,(anonymous_3)
DA:1,0
DA:2,0
DA:3,0
DA:6,0
DA:7,0
DA:8,0
DA:9,0
DA:10,0
DA:12,0
DA:14,0
DA:15,0
DA:17,0
DA:18,0
DA:20,0
DA:21,0
DA:23,0
DA:24,0
DA:27,0
DA:33,0
DA:34,0
DA:36,0
DA:37,0
DA:38,0
DA:40,0
DA:41,0
DA:42,0
DA:43,0
DA:44,0
DA:45,0
DA:50,0
LF:30
LH:0
BRDA:14,0,0,0
BRDA:14,0,1,0
BRDA:17,1,0,0
BRDA:17,1,1,0
BRDA:20,2,0,0
BRDA:20,2,1,0
BRDA:23,3,0,0
BRDA:23,3,1,0
BRDA:40,4,0,0
BRDA:40,4,1,0
BRDA:40,5,0,0
BRDA:40,5,1,0
BRDA:42,6,0,0
BRDA:42,6,1,0
BRDA:44,7,0,0
BRDA:44,7,1,0
BRF:16
BRH:0
end_of_record
TN:
SF:src/utils/versionUtils.js
FN:3,(anonymous_0)
FN:13,(anonymous_1)
FN:46,(anonymous_2)
FN:54,(anonymous_3)
FN:62,(anonymous_4)
FN:63,(anonymous_5)
FN:77,(anonymous_6)
FNF:7
FNH:0
FNDA:0,(anonymous_0)
FNDA:0,(anonymous_1)
FNDA:0,(anonymous_2)
FNDA:0,(anonymous_3)
FNDA:0,(anonymous_4)
FNDA:0,(anonymous_5)
FNDA:0,(anonymous_6)
DA:1,0
DA:3,0
DA:13,0
DA:14,0
DA:16,0
DA:17,0
DA:25,0
DA:26,0
DA:34,0
DA:35,0
DA:43,0
DA:46,0
DA:47,0
DA:48,0
DA:49,0
DA:51,0
DA:54,0
DA:62,0
DA:63,0
DA:64,0
DA:66,0
DA:68,0
DA:70,0
DA:72,0
DA:77,0
DA:78,0
DA:79,0
LF:27
LH:0
BRDA:8,0,0,0
BRDA:8,0,1,0
BRDA:16,1,0,0
BRDA:16,1,1,0
BRDA:25,2,0,0
BRDA:25,2,1,0
BRDA:34,3,0,0
BRDA:34,3,1,0
BRDA:48,4,0,0
BRDA:48,4,1,0
BRDA:64,5,0,0
BRDA:64,5,1,0
BRDA:64,5,2,0
BRDA:64,5,3,0
BRF:14
BRH:0
end_of_record
